<?xml version="1.0" encoding="UTF-8"?>
<robot generator="Robot 3.1.2 (Python 3.8.1 on win32)" generated="20200112 06:24:00.663" rpa="false">
<suite id="s1" name="miOrangeApp" source="C:\Javi\Automatizacion\Eclipse_2019\Workspaces\miOrangeApp\miOrangeApp">
<suite id="s1-s1" name="Test" source="C:\Javi\Automatizacion\Eclipse_2019\Workspaces\miOrangeApp\miOrangeApp\test">
<suite id="s1-s1-s1" name="miOrangeApp" source="C:\Javi\Automatizacion\Eclipse_2019\Workspaces\miOrangeApp\miOrangeApp\test\miOrangeApp.robot">
<test id="s1-s1-s1-t1" name="Login_CLU_OK">
<kw name="Set Variable" library="BuiltIn">
<doc>Returns the given values which can then be assigned to a variables.</doc>
<arguments>
<arg>LoginCLU_Test_Cases_OK</arg>
</arguments>
<assign>
<var>${Hoja_excel}</var>
</assign>
<msg timestamp="20200112 06:24:02.141" level="INFO">${Hoja_excel} = LoginCLU_Test_Cases_OK</msg>
<status status="PASS" starttime="20200112 06:24:02.137" endtime="20200112 06:24:02.145"></status>
</kw>
<kw name="Leer_Datos_Excel">
<arguments>
<arg>hoja=${Hoja_excel}</arg>
</arguments>
<assign>
<var>@{datos}</var>
</assign>
<kw name="Open Excel Document" library="ExcelLibrary">
<doc>Opens xlsx document file.</doc>
<arguments>
<arg>filename=testcases.xlsx</arg>
<arg>doc_id=tests</arg>
</arguments>
<status status="PASS" starttime="20200112 06:24:02.154" endtime="20200112 06:24:02.174"></status>
</kw>
<kw name="Read Excel Column" library="ExcelLibrary">
<doc>Returns content of a column from the current sheet of the document.</doc>
<arguments>
<arg>col_num=2</arg>
<arg>sheet_name=${hoja}</arg>
</arguments>
<assign>
<var>@{datos}</var>
</assign>
<msg timestamp="20200112 06:24:02.181" level="INFO">@{datos} = [ 655758100 | zxcvbnm, | Login con Msisdn OK, Password OK. Recurso Residencial Pospago No Love | 635656921 | 44332211 | Login con Msisdn OK, Password OK. Recurso Residencial Pospago No Love | E8671332...</msg>
<status status="PASS" starttime="20200112 06:24:02.177" endtime="20200112 06:24:02.185"></status>
</kw>
<kw name="Close All Excel Documents" library="ExcelLibrary">
<doc>Closes all opened documents.</doc>
<status status="PASS" starttime="20200112 06:24:02.189" endtime="20200112 06:24:02.192"></status>
</kw>
<msg timestamp="20200112 06:24:02.196" level="INFO">@{datos} = [ 655758100 | zxcvbnm, | Login con Msisdn OK, Password OK. Recurso Residencial Pospago No Love | 635656921 | 44332211 | Login con Msisdn OK, Password OK. Recurso Residencial Pospago No Love | E8671332...</msg>
<status status="PASS" starttime="20200112 06:24:02.150" endtime="20200112 06:24:02.200"></status>
</kw>
<kw name="Set fecha test">
<assign>
<var>${fecha}</var>
</assign>
<kw name="Get Current Date" library="DateTime">
<doc>Returns current local or UTC time with an optional increment.</doc>
<arguments>
<arg>local</arg>
</arguments>
<assign>
<var>${fecha}</var>
</assign>
<msg timestamp="20200112 06:24:02.217" level="INFO">${fecha} = 2020-01-12 06:24:02.217</msg>
<status status="PASS" starttime="20200112 06:24:02.212" endtime="20200112 06:24:02.222"></status>
</kw>
<kw name="Convert Date" library="DateTime">
<doc>Converts between supported `date formats`.</doc>
<arguments>
<arg>${fecha}</arg>
<arg>result_format=%Y-%m-%d</arg>
</arguments>
<assign>
<var>${fecha}</var>
</assign>
<msg timestamp="20200112 06:24:02.239" level="INFO">${fecha} = 2020-01-12</msg>
<status status="PASS" starttime="20200112 06:24:02.227" endtime="20200112 06:24:02.243"></status>
</kw>
<msg timestamp="20200112 06:24:02.246" level="INFO">${fecha} = 2020-01-12</msg>
<status status="PASS" starttime="20200112 06:24:02.204" endtime="20200112 06:24:02.250"></status>
</kw>
<kw name="Set Screenshot Directory" library="SeleniumLibrary">
<doc>Sets the directory for captured screenshots.</doc>
<arguments>
<arg>test/results/LoginCLU/OK/${fecha}</arg>
</arguments>
<status status="PASS" starttime="20200112 06:24:02.253" endtime="20200112 06:24:02.258"></status>
</kw>
<kw name="${usuario} | ${password} | ${resultado_esperado} IN [ @{datos} ]" type="for">
<kw name="${usuario} = 655758100, ${password} = zxcvbnm,, ${resultado_esperado} = Login con Msisdn OK, Password OK. Recurso Residencial Pospago No Love" type="foritem">
<kw name="Abrir miOrangeApp Movilizado">
<kw name="Open Browser" library="SeleniumLibrary">
<doc>Opens a new browser instance to the optional ``url``.</doc>
<arguments>
<arg>${LOGIN URL}</arg>
<arg>${BROWSER}</arg>
</arguments>
<msg timestamp="20200112 06:24:02.274" level="INFO">Opening browser 'chrome' to base url 'https://areaprivada.orange.es/movilizado/index.html'.</msg>
<status status="PASS" starttime="20200112 06:24:02.271" endtime="20200112 06:24:07.590"></status>
</kw>
<kw name="Set Window Size" library="SeleniumLibrary">
<doc>Sets current windows size to given ``width`` and ``height``.</doc>
<arguments>
<arg>600</arg>
<arg>800</arg>
</arguments>
<status status="PASS" starttime="20200112 06:24:07.593" endtime="20200112 06:24:07.812"></status>
</kw>
<kw name="Set Window Position" library="SeleniumLibrary">
<doc>Sets window position using ``x`` and ``y`` coordinates.</doc>
<arguments>
<arg>0</arg>
<arg>0</arg>
</arguments>
<status status="PASS" starttime="20200112 06:24:07.822" endtime="20200112 06:24:08.060"></status>
</kw>
<kw name="Set Browser Implicit Wait" library="SeleniumLibrary">
<doc>Sets the implicit wait value used by Selenium.</doc>
<arguments>
<arg>10</arg>
</arguments>
<status status="PASS" starttime="20200112 06:24:08.064" endtime="20200112 06:24:08.079"></status>
</kw>
<status status="PASS" starttime="20200112 06:24:02.267" endtime="20200112 06:24:08.083"></status>
</kw>
<kw name="Log" library="BuiltIn">
<doc>Logs the given message with the given level.</doc>
<arguments>
<arg>Ejecutando Test...</arg>
</arguments>
<msg timestamp="20200112 06:24:08.090" level="INFO">Ejecutando Test...</msg>
<status status="PASS" starttime="20200112 06:24:08.086" endtime="20200112 06:24:08.092"></status>
</kw>
<kw name="Log" library="BuiltIn">
<doc>Logs the given message with the given level.</doc>
<arguments>
<arg>Msisdn: ${usuario}</arg>
</arguments>
<msg timestamp="20200112 06:24:08.097" level="INFO">Msisdn: 655758100</msg>
<status status="PASS" starttime="20200112 06:24:08.095" endtime="20200112 06:24:08.100"></status>
</kw>
<kw name="Log" library="BuiltIn">
<doc>Logs the given message with the given level.</doc>
<arguments>
<arg>Password: ${password}</arg>
</arguments>
<msg timestamp="20200112 06:24:08.105" level="INFO">Password: zxcvbnm,</msg>
<status status="PASS" starttime="20200112 06:24:08.102" endtime="20200112 06:24:08.107"></status>
</kw>
<kw name="Log" library="BuiltIn">
<doc>Logs the given message with the given level.</doc>
<arguments>
<arg>Resultado esperado: ${resultado_esperado}</arg>
</arguments>
<msg timestamp="20200112 06:24:08.113" level="INFO">Resultado esperado: Login con Msisdn OK, Password OK. Recurso Residencial Pospago No Love</msg>
<status status="PASS" starttime="20200112 06:24:08.110" endtime="20200112 06:24:08.116"></status>
</kw>
<kw name="Login">
<arguments>
<arg>${usuario}</arg>
<arg>${password}</arg>
<arg>${Hoja_excel}</arg>
</arguments>
<kw name="Run Keyword If" library="BuiltIn">
<doc>Runs the given keyword with the given arguments, if ``condition`` is true.</doc>
<arguments>
<arg>'${usuario}'!='None'</arg>
<arg>Input Text</arg>
<arg>name=msisdn</arg>
<arg>${usuario}</arg>
</arguments>
<kw name="Input Text" library="SeleniumLibrary">
<doc>Types the given ``text`` into the text field identified by ``locator``.</doc>
<arguments>
<arg>name=msisdn</arg>
<arg>${usuario}</arg>
</arguments>
<msg timestamp="20200112 06:24:08.130" level="INFO">Typing text '655758100' into text field 'name=msisdn'.</msg>
<status status="PASS" starttime="20200112 06:24:08.127" endtime="20200112 06:24:10.960"></status>
</kw>
<status status="PASS" starttime="20200112 06:24:08.123" endtime="20200112 06:24:10.963"></status>
</kw>
<kw name="Run Keyword If" library="BuiltIn">
<doc>Runs the given keyword with the given arguments, if ``condition`` is true.</doc>
<arguments>
<arg>'${password}'!='None'</arg>
<arg>input text</arg>
<arg>id=tealeaf_user_password</arg>
<arg>${password}</arg>
</arguments>
<kw name="Input Text" library="SeleniumLibrary">
<doc>Types the given ``text`` into the text field identified by ``locator``.</doc>
<arguments>
<arg>id=tealeaf_user_password</arg>
<arg>${password}</arg>
</arguments>
<msg timestamp="20200112 06:24:10.981" level="INFO">Typing text 'zxcvbnm,' into text field 'id=tealeaf_user_password'.</msg>
<status status="PASS" starttime="20200112 06:24:10.978" endtime="20200112 06:24:11.471"></status>
</kw>
<status status="PASS" starttime="20200112 06:24:10.967" endtime="20200112 06:24:11.474"></status>
</kw>
<kw name="Press Keys" library="SeleniumLibrary">
<doc>Simulates the user pressing key(s) to an element or on the active browser.</doc>
<arguments>
<arg>id=tealeaf_user_password</arg>
<arg>ENTER</arg>
</arguments>
<msg timestamp="20200112 06:24:11.479" level="INFO">Sending key(s) ('ENTER',) to id=tealeaf_user_password element.</msg>
<msg timestamp="20200112 06:24:11.523" level="INFO">Pressing special key ENTER to element.</msg>
<status status="PASS" starttime="20200112 06:24:11.476" endtime="20200112 06:24:12.136"></status>
</kw>
<kw name="Sleep" library="BuiltIn">
<doc>Pauses the test executed for the given time.</doc>
<arguments>
<arg>1</arg>
</arguments>
<msg timestamp="20200112 06:24:13.144" level="INFO">Slept 1 second</msg>
<status status="PASS" starttime="20200112 06:24:12.140" endtime="20200112 06:24:13.147"></status>
</kw>
<kw name="Run Keyword If" library="BuiltIn">
<doc>Runs the given keyword with the given arguments, if ``condition`` is true.</doc>
<arguments>
<arg>'${Hoja_excel}'!='LoginCLU_Test_Cases_KO'</arg>
<arg>Wait Until Page Contains Element</arg>
<arg>//div[@class="linkBalls"]</arg>
</arguments>
<kw name="Wait Until Page Contains Element" library="SeleniumLibrary">
<doc>Waits until the element ``locator`` appears on the current page.</doc>
<arguments>
<arg>//div[@class="linkBalls"]</arg>
</arguments>
<status status="PASS" starttime="20200112 06:24:13.172" endtime="20200112 06:24:14.440"></status>
</kw>
<status status="PASS" starttime="20200112 06:24:13.151" endtime="20200112 06:24:14.445"></status>
</kw>
<kw name="Run Keyword If" library="BuiltIn">
<doc>Runs the given keyword with the given arguments, if ``condition`` is true.</doc>
<arguments>
<arg>'${Hoja_excel}'!='LoginCLU_Test_Cases_KO'</arg>
<arg>Wait Until Element Is Enabled</arg>
<arg>//div[@class="linkBalls"]</arg>
</arguments>
<kw name="Wait Until Element Is Enabled" library="SeleniumLibrary">
<doc>Waits until the element ``locator`` is enabled.</doc>
<arguments>
<arg>//div[@class="linkBalls"]</arg>
</arguments>
<status status="PASS" starttime="20200112 06:24:14.454" endtime="20200112 06:24:15.381"></status>
</kw>
<status status="PASS" starttime="20200112 06:24:14.449" endtime="20200112 06:24:15.384"></status>
</kw>
<kw name="Run Keyword If" library="BuiltIn">
<doc>Runs the given keyword with the given arguments, if ``condition`` is true.</doc>
<arguments>
<arg>'${Hoja_excel}'!='LoginCLU_Test_Cases_KO'</arg>
<arg>Wait Until Element Is Visible</arg>
<arg>//div[@class="linkBalls"]</arg>
</arguments>
<kw name="Wait Until Element Is Visible" library="SeleniumLibrary">
<doc>Waits until the element ``locator`` is visible.</doc>
<arguments>
<arg>//div[@class="linkBalls"]</arg>
</arguments>
<status status="PASS" starttime="20200112 06:24:15.402" endtime="20200112 06:24:15.791"></status>
</kw>
<status status="PASS" starttime="20200112 06:24:15.388" endtime="20200112 06:24:15.796"></status>
</kw>
<kw name="Run Keyword If" library="BuiltIn">
<doc>Runs the given keyword with the given arguments, if ``condition`` is true.</doc>
<arguments>
<arg>'${Hoja_excel}'!='LoginCLU_Test_Cases_KO'</arg>
<arg>sleep</arg>
<arg>5</arg>
</arguments>
<kw name="Sleep" library="BuiltIn">
<doc>Pauses the test executed for the given time.</doc>
<arguments>
<arg>5</arg>
</arguments>
<msg timestamp="20200112 06:24:20.815" level="INFO">Slept 5 seconds</msg>
<status status="PASS" starttime="20200112 06:24:15.807" endtime="20200112 06:24:20.820"></status>
</kw>
<status status="PASS" starttime="20200112 06:24:15.801" endtime="20200112 06:24:20.824"></status>
</kw>
<status status="PASS" starttime="20200112 06:24:08.119" endtime="20200112 06:24:20.829"></status>
</kw>
<kw name="Pantallazo_LoginCLU_OK">
<kw name="Capture Page Screenshot" library="SeleniumLibrary">
<doc>Takes a screenshot of the current page and embeds it into a log file.</doc>
<arguments>
<arg>LoginCLU_OK-{index}.png</arg>
</arguments>
<msg timestamp="20200112 06:24:21.542" level="INFO" html="yes">&lt;/td&gt;&lt;/tr&gt;&lt;tr&gt;&lt;td colspan="3"&gt;&lt;a href="test/results/LoginCLU/OK/2020-01-12/LoginCLU_OK-1.png"&gt;&lt;img src="test/results/LoginCLU/OK/2020-01-12/LoginCLU_OK-1.png" width="800px"&gt;&lt;/a&gt;</msg>
<status status="PASS" starttime="20200112 06:24:20.844" endtime="20200112 06:24:21.547"></status>
</kw>
<status status="PASS" starttime="20200112 06:24:20.832" endtime="20200112 06:24:21.551"></status>
</kw>
<kw name="Close Browser" library="SeleniumLibrary">
<doc>Closes the current browser.</doc>
<status status="PASS" starttime="20200112 06:24:21.560" endtime="20200112 06:24:22.846"></status>
</kw>
<status status="PASS" starttime="20200112 06:24:02.264" endtime="20200112 06:24:22.851"></status>
</kw>
<kw name="${usuario} = 635656921, ${password} = 44332211, ${resultado_esperado} = Login con Msisdn OK, Password OK. Recurso Residencial Pospago No Love" type="foritem">
<kw name="Abrir miOrangeApp Movilizado">
<kw name="Open Browser" library="SeleniumLibrary">
<doc>Opens a new browser instance to the optional ``url``.</doc>
<arguments>
<arg>${LOGIN URL}</arg>
<arg>${BROWSER}</arg>
</arguments>
<msg timestamp="20200112 06:24:22.877" level="INFO">Opening browser 'chrome' to base url 'https://areaprivada.orange.es/movilizado/index.html'.</msg>
<status status="PASS" starttime="20200112 06:24:22.874" endtime="20200112 06:24:28.391"></status>
</kw>
<kw name="Set Window Size" library="SeleniumLibrary">
<doc>Sets current windows size to given ``width`` and ``height``.</doc>
<arguments>
<arg>600</arg>
<arg>800</arg>
</arguments>
<status status="PASS" starttime="20200112 06:24:28.394" endtime="20200112 06:24:28.601"></status>
</kw>
<kw name="Set Window Position" library="SeleniumLibrary">
<doc>Sets window position using ``x`` and ``y`` coordinates.</doc>
<arguments>
<arg>0</arg>
<arg>0</arg>
</arguments>
<status status="PASS" starttime="20200112 06:24:28.606" endtime="20200112 06:24:28.799"></status>
</kw>
<kw name="Set Browser Implicit Wait" library="SeleniumLibrary">
<doc>Sets the implicit wait value used by Selenium.</doc>
<arguments>
<arg>10</arg>
</arguments>
<status status="PASS" starttime="20200112 06:24:28.803" endtime="20200112 06:24:28.820"></status>
</kw>
<status status="PASS" starttime="20200112 06:24:22.869" endtime="20200112 06:24:28.824"></status>
</kw>
<kw name="Log" library="BuiltIn">
<doc>Logs the given message with the given level.</doc>
<arguments>
<arg>Ejecutando Test...</arg>
</arguments>
<msg timestamp="20200112 06:24:28.831" level="INFO">Ejecutando Test...</msg>
<status status="PASS" starttime="20200112 06:24:28.828" endtime="20200112 06:24:28.834"></status>
</kw>
<kw name="Log" library="BuiltIn">
<doc>Logs the given message with the given level.</doc>
<arguments>
<arg>Msisdn: ${usuario}</arg>
</arguments>
<msg timestamp="20200112 06:24:28.842" level="INFO">Msisdn: 635656921</msg>
<status status="PASS" starttime="20200112 06:24:28.838" endtime="20200112 06:24:28.846"></status>
</kw>
<kw name="Log" library="BuiltIn">
<doc>Logs the given message with the given level.</doc>
<arguments>
<arg>Password: ${password}</arg>
</arguments>
<msg timestamp="20200112 06:24:28.856" level="INFO">Password: 44332211</msg>
<status status="PASS" starttime="20200112 06:24:28.852" endtime="20200112 06:24:28.859"></status>
</kw>
<kw name="Log" library="BuiltIn">
<doc>Logs the given message with the given level.</doc>
<arguments>
<arg>Resultado esperado: ${resultado_esperado}</arg>
</arguments>
<msg timestamp="20200112 06:24:28.869" level="INFO">Resultado esperado: Login con Msisdn OK, Password OK. Recurso Residencial Pospago No Love</msg>
<status status="PASS" starttime="20200112 06:24:28.863" endtime="20200112 06:24:28.874"></status>
</kw>
<kw name="Login">
<arguments>
<arg>${usuario}</arg>
<arg>${password}</arg>
<arg>${Hoja_excel}</arg>
</arguments>
<kw name="Run Keyword If" library="BuiltIn">
<doc>Runs the given keyword with the given arguments, if ``condition`` is true.</doc>
<arguments>
<arg>'${usuario}'!='None'</arg>
<arg>Input Text</arg>
<arg>name=msisdn</arg>
<arg>${usuario}</arg>
</arguments>
<kw name="Input Text" library="SeleniumLibrary">
<doc>Types the given ``text`` into the text field identified by ``locator``.</doc>
<arguments>
<arg>name=msisdn</arg>
<arg>${usuario}</arg>
</arguments>
<msg timestamp="20200112 06:24:28.892" level="INFO">Typing text '635656921' into text field 'name=msisdn'.</msg>
<status status="PASS" starttime="20200112 06:24:28.887" endtime="20200112 06:24:32.318"></status>
</kw>
<status status="PASS" starttime="20200112 06:24:28.882" endtime="20200112 06:24:32.321"></status>
</kw>
<kw name="Run Keyword If" library="BuiltIn">
<doc>Runs the given keyword with the given arguments, if ``condition`` is true.</doc>
<arguments>
<arg>'${password}'!='None'</arg>
<arg>input text</arg>
<arg>id=tealeaf_user_password</arg>
<arg>${password}</arg>
</arguments>
<kw name="Input Text" library="SeleniumLibrary">
<doc>Types the given ``text`` into the text field identified by ``locator``.</doc>
<arguments>
<arg>id=tealeaf_user_password</arg>
<arg>${password}</arg>
</arguments>
<msg timestamp="20200112 06:24:32.337" level="INFO">Typing text '44332211' into text field 'id=tealeaf_user_password'.</msg>
<status status="PASS" starttime="20200112 06:24:32.333" endtime="20200112 06:24:33.073"></status>
</kw>
<status status="PASS" starttime="20200112 06:24:32.325" endtime="20200112 06:24:33.076"></status>
</kw>
<kw name="Press Keys" library="SeleniumLibrary">
<doc>Simulates the user pressing key(s) to an element or on the active browser.</doc>
<arguments>
<arg>id=tealeaf_user_password</arg>
<arg>ENTER</arg>
</arguments>
<msg timestamp="20200112 06:24:33.083" level="INFO">Sending key(s) ('ENTER',) to id=tealeaf_user_password element.</msg>
<msg timestamp="20200112 06:24:33.153" level="INFO">Pressing special key ENTER to element.</msg>
<status status="PASS" starttime="20200112 06:24:33.079" endtime="20200112 06:24:33.799"></status>
</kw>
<kw name="Sleep" library="BuiltIn">
<doc>Pauses the test executed for the given time.</doc>
<arguments>
<arg>1</arg>
</arguments>
<msg timestamp="20200112 06:24:34.809" level="INFO">Slept 1 second</msg>
<status status="PASS" starttime="20200112 06:24:33.803" endtime="20200112 06:24:34.813"></status>
</kw>
<kw name="Run Keyword If" library="BuiltIn">
<doc>Runs the given keyword with the given arguments, if ``condition`` is true.</doc>
<arguments>
<arg>'${Hoja_excel}'!='LoginCLU_Test_Cases_KO'</arg>
<arg>Wait Until Page Contains Element</arg>
<arg>//div[@class="linkBalls"]</arg>
</arguments>
<kw name="Wait Until Page Contains Element" library="SeleniumLibrary">
<doc>Waits until the element ``locator`` appears on the current page.</doc>
<arguments>
<arg>//div[@class="linkBalls"]</arg>
</arguments>
<status status="PASS" starttime="20200112 06:24:34.832" endtime="20200112 06:24:35.627"></status>
</kw>
<status status="PASS" starttime="20200112 06:24:34.817" endtime="20200112 06:24:35.634"></status>
</kw>
<kw name="Run Keyword If" library="BuiltIn">
<doc>Runs the given keyword with the given arguments, if ``condition`` is true.</doc>
<arguments>
<arg>'${Hoja_excel}'!='LoginCLU_Test_Cases_KO'</arg>
<arg>Wait Until Element Is Enabled</arg>
<arg>//div[@class="linkBalls"]</arg>
</arguments>
<kw name="Wait Until Element Is Enabled" library="SeleniumLibrary">
<doc>Waits until the element ``locator`` is enabled.</doc>
<arguments>
<arg>//div[@class="linkBalls"]</arg>
</arguments>
<status status="PASS" starttime="20200112 06:24:35.645" endtime="20200112 06:24:36.437"></status>
</kw>
<status status="PASS" starttime="20200112 06:24:35.640" endtime="20200112 06:24:36.441"></status>
</kw>
<kw name="Run Keyword If" library="BuiltIn">
<doc>Runs the given keyword with the given arguments, if ``condition`` is true.</doc>
<arguments>
<arg>'${Hoja_excel}'!='LoginCLU_Test_Cases_KO'</arg>
<arg>Wait Until Element Is Visible</arg>
<arg>//div[@class="linkBalls"]</arg>
</arguments>
<kw name="Wait Until Element Is Visible" library="SeleniumLibrary">
<doc>Waits until the element ``locator`` is visible.</doc>
<arguments>
<arg>//div[@class="linkBalls"]</arg>
</arguments>
<status status="PASS" starttime="20200112 06:24:36.452" endtime="20200112 06:24:36.603"></status>
</kw>
<status status="PASS" starttime="20200112 06:24:36.447" endtime="20200112 06:24:36.607"></status>
</kw>
<kw name="Run Keyword If" library="BuiltIn">
<doc>Runs the given keyword with the given arguments, if ``condition`` is true.</doc>
<arguments>
<arg>'${Hoja_excel}'!='LoginCLU_Test_Cases_KO'</arg>
<arg>sleep</arg>
<arg>5</arg>
</arguments>
<kw name="Sleep" library="BuiltIn">
<doc>Pauses the test executed for the given time.</doc>
<arguments>
<arg>5</arg>
</arguments>
<msg timestamp="20200112 06:24:41.620" level="INFO">Slept 5 seconds</msg>
<status status="PASS" starttime="20200112 06:24:36.616" endtime="20200112 06:24:41.623"></status>
</kw>
<status status="PASS" starttime="20200112 06:24:36.611" endtime="20200112 06:24:41.628"></status>
</kw>
<status status="PASS" starttime="20200112 06:24:28.878" endtime="20200112 06:24:41.632"></status>
</kw>
<kw name="Pantallazo_LoginCLU_OK">
<kw name="Capture Page Screenshot" library="SeleniumLibrary">
<doc>Takes a screenshot of the current page and embeds it into a log file.</doc>
<arguments>
<arg>LoginCLU_OK-{index}.png</arg>
</arguments>
<msg timestamp="20200112 06:24:42.122" level="INFO" html="yes">&lt;/td&gt;&lt;/tr&gt;&lt;tr&gt;&lt;td colspan="3"&gt;&lt;a href="test/results/LoginCLU/OK/2020-01-12/LoginCLU_OK-2.png"&gt;&lt;img src="test/results/LoginCLU/OK/2020-01-12/LoginCLU_OK-2.png" width="800px"&gt;&lt;/a&gt;</msg>
<status status="PASS" starttime="20200112 06:24:41.643" endtime="20200112 06:24:42.126"></status>
</kw>
<status status="PASS" starttime="20200112 06:24:41.634" endtime="20200112 06:24:42.130"></status>
</kw>
<kw name="Close Browser" library="SeleniumLibrary">
<doc>Closes the current browser.</doc>
<status status="PASS" starttime="20200112 06:24:42.133" endtime="20200112 06:24:43.404"></status>
</kw>
<status status="PASS" starttime="20200112 06:24:22.857" endtime="20200112 06:24:43.407"></status>
</kw>
<kw name="${usuario} = E86713328, ${password} = 13071971, ${resultado_esperado} = Login CIF OK, Password OK, Recurso empresa Pospago Love" type="foritem">
<kw name="Abrir miOrangeApp Movilizado">
<kw name="Open Browser" library="SeleniumLibrary">
<doc>Opens a new browser instance to the optional ``url``.</doc>
<arguments>
<arg>${LOGIN URL}</arg>
<arg>${BROWSER}</arg>
</arguments>
<msg timestamp="20200112 06:24:43.419" level="INFO">Opening browser 'chrome' to base url 'https://areaprivada.orange.es/movilizado/index.html'.</msg>
<status status="PASS" starttime="20200112 06:24:43.416" endtime="20200112 06:24:48.724"></status>
</kw>
<kw name="Set Window Size" library="SeleniumLibrary">
<doc>Sets current windows size to given ``width`` and ``height``.</doc>
<arguments>
<arg>600</arg>
<arg>800</arg>
</arguments>
<status status="PASS" starttime="20200112 06:24:48.728" endtime="20200112 06:24:48.935"></status>
</kw>
<kw name="Set Window Position" library="SeleniumLibrary">
<doc>Sets window position using ``x`` and ``y`` coordinates.</doc>
<arguments>
<arg>0</arg>
<arg>0</arg>
</arguments>
<status status="PASS" starttime="20200112 06:24:48.941" endtime="20200112 06:24:49.110"></status>
</kw>
<kw name="Set Browser Implicit Wait" library="SeleniumLibrary">
<doc>Sets the implicit wait value used by Selenium.</doc>
<arguments>
<arg>10</arg>
</arguments>
<status status="PASS" starttime="20200112 06:24:49.113" endtime="20200112 06:24:49.166"></status>
</kw>
<status status="PASS" starttime="20200112 06:24:43.414" endtime="20200112 06:24:49.169"></status>
</kw>
<kw name="Log" library="BuiltIn">
<doc>Logs the given message with the given level.</doc>
<arguments>
<arg>Ejecutando Test...</arg>
</arguments>
<msg timestamp="20200112 06:24:49.176" level="INFO">Ejecutando Test...</msg>
<status status="PASS" starttime="20200112 06:24:49.173" endtime="20200112 06:24:49.178"></status>
</kw>
<kw name="Log" library="BuiltIn">
<doc>Logs the given message with the given level.</doc>
<arguments>
<arg>Msisdn: ${usuario}</arg>
</arguments>
<msg timestamp="20200112 06:24:49.185" level="INFO">Msisdn: E86713328</msg>
<status status="PASS" starttime="20200112 06:24:49.181" endtime="20200112 06:24:49.189"></status>
</kw>
<kw name="Log" library="BuiltIn">
<doc>Logs the given message with the given level.</doc>
<arguments>
<arg>Password: ${password}</arg>
</arguments>
<msg timestamp="20200112 06:24:49.196" level="INFO">Password: 13071971</msg>
<status status="PASS" starttime="20200112 06:24:49.193" endtime="20200112 06:24:49.200"></status>
</kw>
<kw name="Log" library="BuiltIn">
<doc>Logs the given message with the given level.</doc>
<arguments>
<arg>Resultado esperado: ${resultado_esperado}</arg>
</arguments>
<msg timestamp="20200112 06:24:49.208" level="INFO">Resultado esperado: Login CIF OK, Password OK, Recurso empresa Pospago Love</msg>
<status status="PASS" starttime="20200112 06:24:49.203" endtime="20200112 06:24:49.212"></status>
</kw>
<kw name="Login">
<arguments>
<arg>${usuario}</arg>
<arg>${password}</arg>
<arg>${Hoja_excel}</arg>
</arguments>
<kw name="Run Keyword If" library="BuiltIn">
<doc>Runs the given keyword with the given arguments, if ``condition`` is true.</doc>
<arguments>
<arg>'${usuario}'!='None'</arg>
<arg>Input Text</arg>
<arg>name=msisdn</arg>
<arg>${usuario}</arg>
</arguments>
<kw name="Input Text" library="SeleniumLibrary">
<doc>Types the given ``text`` into the text field identified by ``locator``.</doc>
<arguments>
<arg>name=msisdn</arg>
<arg>${usuario}</arg>
</arguments>
<msg timestamp="20200112 06:24:49.227" level="INFO">Typing text 'E86713328' into text field 'name=msisdn'.</msg>
<status status="PASS" starttime="20200112 06:24:49.224" endtime="20200112 06:24:51.705"></status>
</kw>
<status status="PASS" starttime="20200112 06:24:49.220" endtime="20200112 06:24:51.709"></status>
</kw>
<kw name="Run Keyword If" library="BuiltIn">
<doc>Runs the given keyword with the given arguments, if ``condition`` is true.</doc>
<arguments>
<arg>'${password}'!='None'</arg>
<arg>input text</arg>
<arg>id=tealeaf_user_password</arg>
<arg>${password}</arg>
</arguments>
<kw name="Input Text" library="SeleniumLibrary">
<doc>Types the given ``text`` into the text field identified by ``locator``.</doc>
<arguments>
<arg>id=tealeaf_user_password</arg>
<arg>${password}</arg>
</arguments>
<msg timestamp="20200112 06:24:51.722" level="INFO">Typing text '13071971' into text field 'id=tealeaf_user_password'.</msg>
<status status="PASS" starttime="20200112 06:24:51.717" endtime="20200112 06:24:52.303"></status>
</kw>
<status status="PASS" starttime="20200112 06:24:51.712" endtime="20200112 06:24:52.307"></status>
</kw>
<kw name="Press Keys" library="SeleniumLibrary">
<doc>Simulates the user pressing key(s) to an element or on the active browser.</doc>
<arguments>
<arg>id=tealeaf_user_password</arg>
<arg>ENTER</arg>
</arguments>
<msg timestamp="20200112 06:24:52.313" level="INFO">Sending key(s) ('ENTER',) to id=tealeaf_user_password element.</msg>
<msg timestamp="20200112 06:24:52.367" level="INFO">Pressing special key ENTER to element.</msg>
<status status="PASS" starttime="20200112 06:24:52.310" endtime="20200112 06:24:53.014"></status>
</kw>
<kw name="Sleep" library="BuiltIn">
<doc>Pauses the test executed for the given time.</doc>
<arguments>
<arg>1</arg>
</arguments>
<msg timestamp="20200112 06:24:54.023" level="INFO">Slept 1 second</msg>
<status status="PASS" starttime="20200112 06:24:53.017" endtime="20200112 06:24:54.026"></status>
</kw>
<kw name="Run Keyword If" library="BuiltIn">
<doc>Runs the given keyword with the given arguments, if ``condition`` is true.</doc>
<arguments>
<arg>'${Hoja_excel}'!='LoginCLU_Test_Cases_KO'</arg>
<arg>Wait Until Page Contains Element</arg>
<arg>//div[@class="linkBalls"]</arg>
</arguments>
<kw name="Wait Until Page Contains Element" library="SeleniumLibrary">
<doc>Waits until the element ``locator`` appears on the current page.</doc>
<arguments>
<arg>//div[@class="linkBalls"]</arg>
</arguments>
<status status="PASS" starttime="20200112 06:24:54.040" endtime="20200112 06:24:55.297"></status>
</kw>
<status status="PASS" starttime="20200112 06:24:54.030" endtime="20200112 06:24:55.300"></status>
</kw>
<kw name="Run Keyword If" library="BuiltIn">
<doc>Runs the given keyword with the given arguments, if ``condition`` is true.</doc>
<arguments>
<arg>'${Hoja_excel}'!='LoginCLU_Test_Cases_KO'</arg>
<arg>Wait Until Element Is Enabled</arg>
<arg>//div[@class="linkBalls"]</arg>
</arguments>
<kw name="Wait Until Element Is Enabled" library="SeleniumLibrary">
<doc>Waits until the element ``locator`` is enabled.</doc>
<arguments>
<arg>//div[@class="linkBalls"]</arg>
</arguments>
<status status="PASS" starttime="20200112 06:24:55.308" endtime="20200112 06:24:55.679"></status>
</kw>
<status status="PASS" starttime="20200112 06:24:55.304" endtime="20200112 06:24:55.681"></status>
</kw>
<kw name="Run Keyword If" library="BuiltIn">
<doc>Runs the given keyword with the given arguments, if ``condition`` is true.</doc>
<arguments>
<arg>'${Hoja_excel}'!='LoginCLU_Test_Cases_KO'</arg>
<arg>Wait Until Element Is Visible</arg>
<arg>//div[@class="linkBalls"]</arg>
</arguments>
<kw name="Wait Until Element Is Visible" library="SeleniumLibrary">
<doc>Waits until the element ``locator`` is visible.</doc>
<arguments>
<arg>//div[@class="linkBalls"]</arg>
</arguments>
<status status="PASS" starttime="20200112 06:24:55.691" endtime="20200112 06:24:55.944"></status>
</kw>
<status status="PASS" starttime="20200112 06:24:55.686" endtime="20200112 06:24:55.948"></status>
</kw>
<kw name="Run Keyword If" library="BuiltIn">
<doc>Runs the given keyword with the given arguments, if ``condition`` is true.</doc>
<arguments>
<arg>'${Hoja_excel}'!='LoginCLU_Test_Cases_KO'</arg>
<arg>sleep</arg>
<arg>5</arg>
</arguments>
<kw name="Sleep" library="BuiltIn">
<doc>Pauses the test executed for the given time.</doc>
<arguments>
<arg>5</arg>
</arguments>
<msg timestamp="20200112 06:25:00.962" level="INFO">Slept 5 seconds</msg>
<status status="PASS" starttime="20200112 06:24:55.957" endtime="20200112 06:25:00.964"></status>
</kw>
<status status="PASS" starttime="20200112 06:24:55.952" endtime="20200112 06:25:00.965"></status>
</kw>
<status status="PASS" starttime="20200112 06:24:49.215" endtime="20200112 06:25:00.977"></status>
</kw>
<kw name="Pantallazo_LoginCLU_OK">
<kw name="Capture Page Screenshot" library="SeleniumLibrary">
<doc>Takes a screenshot of the current page and embeds it into a log file.</doc>
<arguments>
<arg>LoginCLU_OK-{index}.png</arg>
</arguments>
<msg timestamp="20200112 06:25:01.390" level="INFO" html="yes">&lt;/td&gt;&lt;/tr&gt;&lt;tr&gt;&lt;td colspan="3"&gt;&lt;a href="test/results/LoginCLU/OK/2020-01-12/LoginCLU_OK-3.png"&gt;&lt;img src="test/results/LoginCLU/OK/2020-01-12/LoginCLU_OK-3.png" width="800px"&gt;&lt;/a&gt;</msg>
<status status="PASS" starttime="20200112 06:25:00.994" endtime="20200112 06:25:01.393"></status>
</kw>
<status status="PASS" starttime="20200112 06:25:00.981" endtime="20200112 06:25:01.396"></status>
</kw>
<kw name="Close Browser" library="SeleniumLibrary">
<doc>Closes the current browser.</doc>
<status status="PASS" starttime="20200112 06:25:01.398" endtime="20200112 06:25:02.630"></status>
</kw>
<status status="PASS" starttime="20200112 06:24:43.411" endtime="20200112 06:25:02.635"></status>
</kw>
<status status="PASS" starttime="20200112 06:24:02.261" endtime="20200112 06:25:02.640"></status>
</kw>
<kw name="Run Keyword If Test Failed" library="BuiltIn" type="teardown">
<doc>Runs the given keyword with the given arguments, if the test failed.</doc>
<arguments>
<arg>Close Browser</arg>
</arguments>
<status status="PASS" starttime="20200112 06:25:02.646" endtime="20200112 06:25:02.651"></status>
</kw>
<status status="PASS" starttime="20200112 06:24:02.133" endtime="20200112 06:25:02.656" critical="yes"></status>
</test>
<test id="s1-s1-s1-t2" name="Login_CLU_KO">
<kw name="Set Variable" library="BuiltIn">
<doc>Returns the given values which can then be assigned to a variables.</doc>
<arguments>
<arg>LoginCLU_Test_Cases_KO</arg>
</arguments>
<assign>
<var>${Hoja_excel}</var>
</assign>
<msg timestamp="20200112 06:25:02.668" level="INFO">${Hoja_excel} = LoginCLU_Test_Cases_KO</msg>
<status status="PASS" starttime="20200112 06:25:02.664" endtime="20200112 06:25:02.673"></status>
</kw>
<kw name="Leer_Datos_Excel">
<arguments>
<arg>hoja=${Hoja_excel}</arg>
</arguments>
<assign>
<var>@{datos}</var>
</assign>
<kw name="Open Excel Document" library="ExcelLibrary">
<doc>Opens xlsx document file.</doc>
<arguments>
<arg>filename=testcases.xlsx</arg>
<arg>doc_id=tests</arg>
</arguments>
<status status="PASS" starttime="20200112 06:25:02.680" endtime="20200112 06:25:02.695"></status>
</kw>
<kw name="Read Excel Column" library="ExcelLibrary">
<doc>Returns content of a column from the current sheet of the document.</doc>
<arguments>
<arg>col_num=2</arg>
<arg>sheet_name=${hoja}</arg>
</arguments>
<assign>
<var>@{datos}</var>
</assign>
<msg timestamp="20200112 06:25:02.701" level="INFO">@{datos} = [ None | zxcvbnm, | Msisdn Vacio | 655758100 | None | Contraseña Vacia | 655758200 | zxcvbnm, | Error de MSISDN | 655758100 | 123456 | Error de contraseña ]</msg>
<status status="PASS" starttime="20200112 06:25:02.698" endtime="20200112 06:25:02.704"></status>
</kw>
<kw name="Close All Excel Documents" library="ExcelLibrary">
<doc>Closes all opened documents.</doc>
<status status="PASS" starttime="20200112 06:25:02.709" endtime="20200112 06:25:02.712"></status>
</kw>
<msg timestamp="20200112 06:25:02.715" level="INFO">@{datos} = [ None | zxcvbnm, | Msisdn Vacio | 655758100 | None | Contraseña Vacia | 655758200 | zxcvbnm, | Error de MSISDN | 655758100 | 123456 | Error de contraseña ]</msg>
<status status="PASS" starttime="20200112 06:25:02.677" endtime="20200112 06:25:02.718"></status>
</kw>
<kw name="Set fecha test">
<assign>
<var>${fecha}</var>
</assign>
<kw name="Get Current Date" library="DateTime">
<doc>Returns current local or UTC time with an optional increment.</doc>
<arguments>
<arg>local</arg>
</arguments>
<assign>
<var>${fecha}</var>
</assign>
<msg timestamp="20200112 06:25:02.728" level="INFO">${fecha} = 2020-01-12 06:25:02.728</msg>
<status status="PASS" starttime="20200112 06:25:02.725" endtime="20200112 06:25:02.731"></status>
</kw>
<kw name="Convert Date" library="DateTime">
<doc>Converts between supported `date formats`.</doc>
<arguments>
<arg>${fecha}</arg>
<arg>result_format=%Y-%m-%d</arg>
</arguments>
<assign>
<var>${fecha}</var>
</assign>
<msg timestamp="20200112 06:25:02.738" level="INFO">${fecha} = 2020-01-12</msg>
<status status="PASS" starttime="20200112 06:25:02.734" endtime="20200112 06:25:02.742"></status>
</kw>
<msg timestamp="20200112 06:25:02.745" level="INFO">${fecha} = 2020-01-12</msg>
<status status="PASS" starttime="20200112 06:25:02.722" endtime="20200112 06:25:02.747"></status>
</kw>
<kw name="Set Screenshot Directory" library="SeleniumLibrary">
<doc>Sets the directory for captured screenshots.</doc>
<arguments>
<arg>test/results/LoginCLU/KO/${fecha}</arg>
</arguments>
<status status="PASS" starttime="20200112 06:25:02.751" endtime="20200112 06:25:02.756"></status>
</kw>
<kw name="${usuario} | ${password} | ${resultado_esperado} IN [ @{datos} ]" type="for">
<kw name="${usuario} = None, ${password} = zxcvbnm,, ${resultado_esperado} = Msisdn Vacio" type="foritem">
<kw name="Abrir miOrangeApp Movilizado">
<kw name="Open Browser" library="SeleniumLibrary">
<doc>Opens a new browser instance to the optional ``url``.</doc>
<arguments>
<arg>${LOGIN URL}</arg>
<arg>${BROWSER}</arg>
</arguments>
<msg timestamp="20200112 06:25:02.777" level="INFO">Opening browser 'chrome' to base url 'https://areaprivada.orange.es/movilizado/index.html'.</msg>
<status status="PASS" starttime="20200112 06:25:02.774" endtime="20200112 06:25:08.123"></status>
</kw>
<kw name="Set Window Size" library="SeleniumLibrary">
<doc>Sets current windows size to given ``width`` and ``height``.</doc>
<arguments>
<arg>600</arg>
<arg>800</arg>
</arguments>
<status status="PASS" starttime="20200112 06:25:08.126" endtime="20200112 06:25:08.326"></status>
</kw>
<kw name="Set Window Position" library="SeleniumLibrary">
<doc>Sets window position using ``x`` and ``y`` coordinates.</doc>
<arguments>
<arg>0</arg>
<arg>0</arg>
</arguments>
<status status="PASS" starttime="20200112 06:25:08.329" endtime="20200112 06:25:08.509"></status>
</kw>
<kw name="Set Browser Implicit Wait" library="SeleniumLibrary">
<doc>Sets the implicit wait value used by Selenium.</doc>
<arguments>
<arg>10</arg>
</arguments>
<status status="PASS" starttime="20200112 06:25:08.513" endtime="20200112 06:25:08.532"></status>
</kw>
<status status="PASS" starttime="20200112 06:25:02.770" endtime="20200112 06:25:08.536"></status>
</kw>
<kw name="Log" library="BuiltIn">
<doc>Logs the given message with the given level.</doc>
<arguments>
<arg>Ejecutando Test...</arg>
</arguments>
<msg timestamp="20200112 06:25:08.544" level="INFO">Ejecutando Test...</msg>
<status status="PASS" starttime="20200112 06:25:08.540" endtime="20200112 06:25:08.547"></status>
</kw>
<kw name="Log" library="BuiltIn">
<doc>Logs the given message with the given level.</doc>
<arguments>
<arg>Msisdn: ${usuario}</arg>
</arguments>
<msg timestamp="20200112 06:25:08.554" level="INFO">Msisdn: None</msg>
<status status="PASS" starttime="20200112 06:25:08.552" endtime="20200112 06:25:08.556"></status>
</kw>
<kw name="Log" library="BuiltIn">
<doc>Logs the given message with the given level.</doc>
<arguments>
<arg>Password: ${password}</arg>
</arguments>
<msg timestamp="20200112 06:25:08.561" level="INFO">Password: zxcvbnm,</msg>
<status status="PASS" starttime="20200112 06:25:08.557" endtime="20200112 06:25:08.563"></status>
</kw>
<kw name="Log" library="BuiltIn">
<doc>Logs the given message with the given level.</doc>
<arguments>
<arg>Resultado esperado: ${resultado_esperado}</arg>
</arguments>
<msg timestamp="20200112 06:25:08.566" level="INFO">Resultado esperado: Msisdn Vacio</msg>
<status status="PASS" starttime="20200112 06:25:08.565" endtime="20200112 06:25:08.568"></status>
</kw>
<kw name="Login">
<arguments>
<arg>${usuario}</arg>
<arg>${password}</arg>
<arg>${Hoja_excel}</arg>
</arguments>
<kw name="Run Keyword If" library="BuiltIn">
<doc>Runs the given keyword with the given arguments, if ``condition`` is true.</doc>
<arguments>
<arg>'${usuario}'!='None'</arg>
<arg>Input Text</arg>
<arg>name=msisdn</arg>
<arg>${usuario}</arg>
</arguments>
<status status="PASS" starttime="20200112 06:25:08.572" endtime="20200112 06:25:08.574"></status>
</kw>
<kw name="Run Keyword If" library="BuiltIn">
<doc>Runs the given keyword with the given arguments, if ``condition`` is true.</doc>
<arguments>
<arg>'${password}'!='None'</arg>
<arg>input text</arg>
<arg>id=tealeaf_user_password</arg>
<arg>${password}</arg>
</arguments>
<kw name="Input Text" library="SeleniumLibrary">
<doc>Types the given ``text`` into the text field identified by ``locator``.</doc>
<arguments>
<arg>id=tealeaf_user_password</arg>
<arg>${password}</arg>
</arguments>
<msg timestamp="20200112 06:25:08.582" level="INFO">Typing text 'zxcvbnm,' into text field 'id=tealeaf_user_password'.</msg>
<status status="PASS" starttime="20200112 06:25:08.579" endtime="20200112 06:25:11.383"></status>
</kw>
<status status="PASS" starttime="20200112 06:25:08.576" endtime="20200112 06:25:11.387"></status>
</kw>
<kw name="Press Keys" library="SeleniumLibrary">
<doc>Simulates the user pressing key(s) to an element or on the active browser.</doc>
<arguments>
<arg>id=tealeaf_user_password</arg>
<arg>ENTER</arg>
</arguments>
<msg timestamp="20200112 06:25:11.402" level="INFO">Sending key(s) ('ENTER',) to id=tealeaf_user_password element.</msg>
<msg timestamp="20200112 06:25:11.468" level="INFO">Pressing special key ENTER to element.</msg>
<status status="PASS" starttime="20200112 06:25:11.391" endtime="20200112 06:25:12.106"></status>
</kw>
<kw name="Sleep" library="BuiltIn">
<doc>Pauses the test executed for the given time.</doc>
<arguments>
<arg>1</arg>
</arguments>
<msg timestamp="20200112 06:25:13.115" level="INFO">Slept 1 second</msg>
<status status="PASS" starttime="20200112 06:25:12.110" endtime="20200112 06:25:13.120"></status>
</kw>
<kw name="Run Keyword If" library="BuiltIn">
<doc>Runs the given keyword with the given arguments, if ``condition`` is true.</doc>
<arguments>
<arg>'${Hoja_excel}'!='LoginCLU_Test_Cases_KO'</arg>
<arg>Wait Until Page Contains Element</arg>
<arg>//div[@class="linkBalls"]</arg>
</arguments>
<status status="PASS" starttime="20200112 06:25:13.125" endtime="20200112 06:25:13.131"></status>
</kw>
<kw name="Run Keyword If" library="BuiltIn">
<doc>Runs the given keyword with the given arguments, if ``condition`` is true.</doc>
<arguments>
<arg>'${Hoja_excel}'!='LoginCLU_Test_Cases_KO'</arg>
<arg>Wait Until Element Is Enabled</arg>
<arg>//div[@class="linkBalls"]</arg>
</arguments>
<status status="PASS" starttime="20200112 06:25:13.137" endtime="20200112 06:25:13.143"></status>
</kw>
<kw name="Run Keyword If" library="BuiltIn">
<doc>Runs the given keyword with the given arguments, if ``condition`` is true.</doc>
<arguments>
<arg>'${Hoja_excel}'!='LoginCLU_Test_Cases_KO'</arg>
<arg>Wait Until Element Is Visible</arg>
<arg>//div[@class="linkBalls"]</arg>
</arguments>
<status status="PASS" starttime="20200112 06:25:13.148" endtime="20200112 06:25:13.151"></status>
</kw>
<kw name="Run Keyword If" library="BuiltIn">
<doc>Runs the given keyword with the given arguments, if ``condition`` is true.</doc>
<arguments>
<arg>'${Hoja_excel}'!='LoginCLU_Test_Cases_KO'</arg>
<arg>sleep</arg>
<arg>5</arg>
</arguments>
<status status="PASS" starttime="20200112 06:25:13.155" endtime="20200112 06:25:13.159"></status>
</kw>
<status status="PASS" starttime="20200112 06:25:08.569" endtime="20200112 06:25:13.163"></status>
</kw>
<kw name="Pantallazo_LoginCLU_KO">
<kw name="Capture Page Screenshot" library="SeleniumLibrary">
<doc>Takes a screenshot of the current page and embeds it into a log file.</doc>
<arguments>
<arg>LoginCLU_KO-{index}.png</arg>
</arguments>
<msg timestamp="20200112 06:25:13.600" level="INFO" html="yes">&lt;/td&gt;&lt;/tr&gt;&lt;tr&gt;&lt;td colspan="3"&gt;&lt;a href="test/results/LoginCLU/KO/2020-01-12/LoginCLU_KO-1.png"&gt;&lt;img src="test/results/LoginCLU/KO/2020-01-12/LoginCLU_KO-1.png" width="800px"&gt;&lt;/a&gt;</msg>
<status status="PASS" starttime="20200112 06:25:13.168" endtime="20200112 06:25:13.604"></status>
</kw>
<status status="PASS" starttime="20200112 06:25:13.166" endtime="20200112 06:25:13.608"></status>
</kw>
<kw name="Close Browser" library="SeleniumLibrary">
<doc>Closes the current browser.</doc>
<status status="PASS" starttime="20200112 06:25:13.611" endtime="20200112 06:25:14.839"></status>
</kw>
<status status="PASS" starttime="20200112 06:25:02.766" endtime="20200112 06:25:14.846"></status>
</kw>
<kw name="${usuario} = 655758100, ${password} = None, ${resultado_esperado} = Contraseña Vacia" type="foritem">
<kw name="Abrir miOrangeApp Movilizado">
<kw name="Open Browser" library="SeleniumLibrary">
<doc>Opens a new browser instance to the optional ``url``.</doc>
<arguments>
<arg>${LOGIN URL}</arg>
<arg>${BROWSER}</arg>
</arguments>
<msg timestamp="20200112 06:25:14.867" level="INFO">Opening browser 'chrome' to base url 'https://areaprivada.orange.es/movilizado/index.html'.</msg>
<status status="PASS" starttime="20200112 06:25:14.863" endtime="20200112 06:25:19.760"></status>
</kw>
<kw name="Set Window Size" library="SeleniumLibrary">
<doc>Sets current windows size to given ``width`` and ``height``.</doc>
<arguments>
<arg>600</arg>
<arg>800</arg>
</arguments>
<status status="PASS" starttime="20200112 06:25:19.763" endtime="20200112 06:25:19.956"></status>
</kw>
<kw name="Set Window Position" library="SeleniumLibrary">
<doc>Sets window position using ``x`` and ``y`` coordinates.</doc>
<arguments>
<arg>0</arg>
<arg>0</arg>
</arguments>
<status status="PASS" starttime="20200112 06:25:19.959" endtime="20200112 06:25:20.151"></status>
</kw>
<kw name="Set Browser Implicit Wait" library="SeleniumLibrary">
<doc>Sets the implicit wait value used by Selenium.</doc>
<arguments>
<arg>10</arg>
</arguments>
<status status="PASS" starttime="20200112 06:25:20.155" endtime="20200112 06:25:20.166"></status>
</kw>
<status status="PASS" starttime="20200112 06:25:14.858" endtime="20200112 06:25:20.168"></status>
</kw>
<kw name="Log" library="BuiltIn">
<doc>Logs the given message with the given level.</doc>
<arguments>
<arg>Ejecutando Test...</arg>
</arguments>
<msg timestamp="20200112 06:25:20.175" level="INFO">Ejecutando Test...</msg>
<status status="PASS" starttime="20200112 06:25:20.172" endtime="20200112 06:25:20.178"></status>
</kw>
<kw name="Log" library="BuiltIn">
<doc>Logs the given message with the given level.</doc>
<arguments>
<arg>Msisdn: ${usuario}</arg>
</arguments>
<msg timestamp="20200112 06:25:20.184" level="INFO">Msisdn: 655758100</msg>
<status status="PASS" starttime="20200112 06:25:20.181" endtime="20200112 06:25:20.188"></status>
</kw>
<kw name="Log" library="BuiltIn">
<doc>Logs the given message with the given level.</doc>
<arguments>
<arg>Password: ${password}</arg>
</arguments>
<msg timestamp="20200112 06:25:20.197" level="INFO">Password: None</msg>
<status status="PASS" starttime="20200112 06:25:20.193" endtime="20200112 06:25:20.201"></status>
</kw>
<kw name="Log" library="BuiltIn">
<doc>Logs the given message with the given level.</doc>
<arguments>
<arg>Resultado esperado: ${resultado_esperado}</arg>
</arguments>
<msg timestamp="20200112 06:25:20.210" level="INFO">Resultado esperado: Contraseña Vacia</msg>
<status status="PASS" starttime="20200112 06:25:20.206" endtime="20200112 06:25:20.213"></status>
</kw>
<kw name="Login">
<arguments>
<arg>${usuario}</arg>
<arg>${password}</arg>
<arg>${Hoja_excel}</arg>
</arguments>
<kw name="Run Keyword If" library="BuiltIn">
<doc>Runs the given keyword with the given arguments, if ``condition`` is true.</doc>
<arguments>
<arg>'${usuario}'!='None'</arg>
<arg>Input Text</arg>
<arg>name=msisdn</arg>
<arg>${usuario}</arg>
</arguments>
<kw name="Input Text" library="SeleniumLibrary">
<doc>Types the given ``text`` into the text field identified by ``locator``.</doc>
<arguments>
<arg>name=msisdn</arg>
<arg>${usuario}</arg>
</arguments>
<msg timestamp="20200112 06:25:20.227" level="INFO">Typing text '655758100' into text field 'name=msisdn'.</msg>
<status status="PASS" starttime="20200112 06:25:20.224" endtime="20200112 06:25:22.833"></status>
</kw>
<status status="PASS" starttime="20200112 06:25:20.221" endtime="20200112 06:25:22.836"></status>
</kw>
<kw name="Run Keyword If" library="BuiltIn">
<doc>Runs the given keyword with the given arguments, if ``condition`` is true.</doc>
<arguments>
<arg>'${password}'!='None'</arg>
<arg>input text</arg>
<arg>id=tealeaf_user_password</arg>
<arg>${password}</arg>
</arguments>
<status status="PASS" starttime="20200112 06:25:22.840" endtime="20200112 06:25:22.849"></status>
</kw>
<kw name="Press Keys" library="SeleniumLibrary">
<doc>Simulates the user pressing key(s) to an element or on the active browser.</doc>
<arguments>
<arg>id=tealeaf_user_password</arg>
<arg>ENTER</arg>
</arguments>
<msg timestamp="20200112 06:25:22.857" level="INFO">Sending key(s) ('ENTER',) to id=tealeaf_user_password element.</msg>
<msg timestamp="20200112 06:25:22.908" level="INFO">Pressing special key ENTER to element.</msg>
<status status="PASS" starttime="20200112 06:25:22.852" endtime="20200112 06:25:23.551"></status>
</kw>
<kw name="Sleep" library="BuiltIn">
<doc>Pauses the test executed for the given time.</doc>
<arguments>
<arg>1</arg>
</arguments>
<msg timestamp="20200112 06:25:24.561" level="INFO">Slept 1 second</msg>
<status status="PASS" starttime="20200112 06:25:23.555" endtime="20200112 06:25:24.564"></status>
</kw>
<kw name="Run Keyword If" library="BuiltIn">
<doc>Runs the given keyword with the given arguments, if ``condition`` is true.</doc>
<arguments>
<arg>'${Hoja_excel}'!='LoginCLU_Test_Cases_KO'</arg>
<arg>Wait Until Page Contains Element</arg>
<arg>//div[@class="linkBalls"]</arg>
</arguments>
<status status="PASS" starttime="20200112 06:25:24.566" endtime="20200112 06:25:24.570"></status>
</kw>
<kw name="Run Keyword If" library="BuiltIn">
<doc>Runs the given keyword with the given arguments, if ``condition`` is true.</doc>
<arguments>
<arg>'${Hoja_excel}'!='LoginCLU_Test_Cases_KO'</arg>
<arg>Wait Until Element Is Enabled</arg>
<arg>//div[@class="linkBalls"]</arg>
</arguments>
<status status="PASS" starttime="20200112 06:25:24.574" endtime="20200112 06:25:24.578"></status>
</kw>
<kw name="Run Keyword If" library="BuiltIn">
<doc>Runs the given keyword with the given arguments, if ``condition`` is true.</doc>
<arguments>
<arg>'${Hoja_excel}'!='LoginCLU_Test_Cases_KO'</arg>
<arg>Wait Until Element Is Visible</arg>
<arg>//div[@class="linkBalls"]</arg>
</arguments>
<status status="PASS" starttime="20200112 06:25:24.580" endtime="20200112 06:25:24.584"></status>
</kw>
<kw name="Run Keyword If" library="BuiltIn">
<doc>Runs the given keyword with the given arguments, if ``condition`` is true.</doc>
<arguments>
<arg>'${Hoja_excel}'!='LoginCLU_Test_Cases_KO'</arg>
<arg>sleep</arg>
<arg>5</arg>
</arguments>
<status status="PASS" starttime="20200112 06:25:24.588" endtime="20200112 06:25:24.593"></status>
</kw>
<status status="PASS" starttime="20200112 06:25:20.216" endtime="20200112 06:25:24.596"></status>
</kw>
<kw name="Pantallazo_LoginCLU_KO">
<kw name="Capture Page Screenshot" library="SeleniumLibrary">
<doc>Takes a screenshot of the current page and embeds it into a log file.</doc>
<arguments>
<arg>LoginCLU_KO-{index}.png</arg>
</arguments>
<msg timestamp="20200112 06:25:24.996" level="INFO" html="yes">&lt;/td&gt;&lt;/tr&gt;&lt;tr&gt;&lt;td colspan="3"&gt;&lt;a href="test/results/LoginCLU/KO/2020-01-12/LoginCLU_KO-2.png"&gt;&lt;img src="test/results/LoginCLU/KO/2020-01-12/LoginCLU_KO-2.png" width="800px"&gt;&lt;/a&gt;</msg>
<status status="PASS" starttime="20200112 06:25:24.601" endtime="20200112 06:25:24.999"></status>
</kw>
<status status="PASS" starttime="20200112 06:25:24.598" endtime="20200112 06:25:25.002"></status>
</kw>
<kw name="Close Browser" library="SeleniumLibrary">
<doc>Closes the current browser.</doc>
<status status="PASS" starttime="20200112 06:25:25.005" endtime="20200112 06:25:26.220"></status>
</kw>
<status status="PASS" starttime="20200112 06:25:14.851" endtime="20200112 06:25:26.224"></status>
</kw>
<kw name="${usuario} = 655758200, ${password} = zxcvbnm,, ${resultado_esperado} = Error de MSISDN" type="foritem">
<kw name="Abrir miOrangeApp Movilizado">
<kw name="Open Browser" library="SeleniumLibrary">
<doc>Opens a new browser instance to the optional ``url``.</doc>
<arguments>
<arg>${LOGIN URL}</arg>
<arg>${BROWSER}</arg>
</arguments>
<msg timestamp="20200112 06:25:26.237" level="INFO">Opening browser 'chrome' to base url 'https://areaprivada.orange.es/movilizado/index.html'.</msg>
<status status="PASS" starttime="20200112 06:25:26.234" endtime="20200112 06:25:31.129"></status>
</kw>
<kw name="Set Window Size" library="SeleniumLibrary">
<doc>Sets current windows size to given ``width`` and ``height``.</doc>
<arguments>
<arg>600</arg>
<arg>800</arg>
</arguments>
<status status="PASS" starttime="20200112 06:25:31.132" endtime="20200112 06:25:31.346"></status>
</kw>
<kw name="Set Window Position" library="SeleniumLibrary">
<doc>Sets window position using ``x`` and ``y`` coordinates.</doc>
<arguments>
<arg>0</arg>
<arg>0</arg>
</arguments>
<status status="PASS" starttime="20200112 06:25:31.350" endtime="20200112 06:25:31.524"></status>
</kw>
<kw name="Set Browser Implicit Wait" library="SeleniumLibrary">
<doc>Sets the implicit wait value used by Selenium.</doc>
<arguments>
<arg>10</arg>
</arguments>
<status status="PASS" starttime="20200112 06:25:31.527" endtime="20200112 06:25:31.540"></status>
</kw>
<status status="PASS" starttime="20200112 06:25:26.231" endtime="20200112 06:25:31.544"></status>
</kw>
<kw name="Log" library="BuiltIn">
<doc>Logs the given message with the given level.</doc>
<arguments>
<arg>Ejecutando Test...</arg>
</arguments>
<msg timestamp="20200112 06:25:31.549" level="INFO">Ejecutando Test...</msg>
<status status="PASS" starttime="20200112 06:25:31.546" endtime="20200112 06:25:31.552"></status>
</kw>
<kw name="Log" library="BuiltIn">
<doc>Logs the given message with the given level.</doc>
<arguments>
<arg>Msisdn: ${usuario}</arg>
</arguments>
<msg timestamp="20200112 06:25:31.560" level="INFO">Msisdn: 655758200</msg>
<status status="PASS" starttime="20200112 06:25:31.556" endtime="20200112 06:25:31.562"></status>
</kw>
<kw name="Log" library="BuiltIn">
<doc>Logs the given message with the given level.</doc>
<arguments>
<arg>Password: ${password}</arg>
</arguments>
<msg timestamp="20200112 06:25:31.582" level="INFO">Password: zxcvbnm,</msg>
<status status="PASS" starttime="20200112 06:25:31.578" endtime="20200112 06:25:31.585"></status>
</kw>
<kw name="Log" library="BuiltIn">
<doc>Logs the given message with the given level.</doc>
<arguments>
<arg>Resultado esperado: ${resultado_esperado}</arg>
</arguments>
<msg timestamp="20200112 06:25:31.590" level="INFO">Resultado esperado: Error de MSISDN</msg>
<status status="PASS" starttime="20200112 06:25:31.587" endtime="20200112 06:25:31.595"></status>
</kw>
<kw name="Login">
<arguments>
<arg>${usuario}</arg>
<arg>${password}</arg>
<arg>${Hoja_excel}</arg>
</arguments>
<kw name="Run Keyword If" library="BuiltIn">
<doc>Runs the given keyword with the given arguments, if ``condition`` is true.</doc>
<arguments>
<arg>'${usuario}'!='None'</arg>
<arg>Input Text</arg>
<arg>name=msisdn</arg>
<arg>${usuario}</arg>
</arguments>
<kw name="Input Text" library="SeleniumLibrary">
<doc>Types the given ``text`` into the text field identified by ``locator``.</doc>
<arguments>
<arg>name=msisdn</arg>
<arg>${usuario}</arg>
</arguments>
<msg timestamp="20200112 06:25:31.611" level="INFO">Typing text '655758200' into text field 'name=msisdn'.</msg>
<status status="PASS" starttime="20200112 06:25:31.608" endtime="20200112 06:25:34.497"></status>
</kw>
<status status="PASS" starttime="20200112 06:25:31.603" endtime="20200112 06:25:34.500"></status>
</kw>
<kw name="Run Keyword If" library="BuiltIn">
<doc>Runs the given keyword with the given arguments, if ``condition`` is true.</doc>
<arguments>
<arg>'${password}'!='None'</arg>
<arg>input text</arg>
<arg>id=tealeaf_user_password</arg>
<arg>${password}</arg>
</arguments>
<kw name="Input Text" library="SeleniumLibrary">
<doc>Types the given ``text`` into the text field identified by ``locator``.</doc>
<arguments>
<arg>id=tealeaf_user_password</arg>
<arg>${password}</arg>
</arguments>
<msg timestamp="20200112 06:25:34.519" level="INFO">Typing text 'zxcvbnm,' into text field 'id=tealeaf_user_password'.</msg>
<status status="PASS" starttime="20200112 06:25:34.515" endtime="20200112 06:25:35.066"></status>
</kw>
<status status="PASS" starttime="20200112 06:25:34.505" endtime="20200112 06:25:35.069"></status>
</kw>
<kw name="Press Keys" library="SeleniumLibrary">
<doc>Simulates the user pressing key(s) to an element or on the active browser.</doc>
<arguments>
<arg>id=tealeaf_user_password</arg>
<arg>ENTER</arg>
</arguments>
<msg timestamp="20200112 06:25:35.078" level="INFO">Sending key(s) ('ENTER',) to id=tealeaf_user_password element.</msg>
<msg timestamp="20200112 06:25:35.139" level="INFO">Pressing special key ENTER to element.</msg>
<status status="PASS" starttime="20200112 06:25:35.074" endtime="20200112 06:25:35.765"></status>
</kw>
<kw name="Sleep" library="BuiltIn">
<doc>Pauses the test executed for the given time.</doc>
<arguments>
<arg>1</arg>
</arguments>
<msg timestamp="20200112 06:25:36.774" level="INFO">Slept 1 second</msg>
<status status="PASS" starttime="20200112 06:25:35.769" endtime="20200112 06:25:36.777"></status>
</kw>
<kw name="Run Keyword If" library="BuiltIn">
<doc>Runs the given keyword with the given arguments, if ``condition`` is true.</doc>
<arguments>
<arg>'${Hoja_excel}'!='LoginCLU_Test_Cases_KO'</arg>
<arg>Wait Until Page Contains Element</arg>
<arg>//div[@class="linkBalls"]</arg>
</arguments>
<status status="PASS" starttime="20200112 06:25:36.780" endtime="20200112 06:25:36.792"></status>
</kw>
<kw name="Run Keyword If" library="BuiltIn">
<doc>Runs the given keyword with the given arguments, if ``condition`` is true.</doc>
<arguments>
<arg>'${Hoja_excel}'!='LoginCLU_Test_Cases_KO'</arg>
<arg>Wait Until Element Is Enabled</arg>
<arg>//div[@class="linkBalls"]</arg>
</arguments>
<status status="PASS" starttime="20200112 06:25:36.796" endtime="20200112 06:25:36.799"></status>
</kw>
<kw name="Run Keyword If" library="BuiltIn">
<doc>Runs the given keyword with the given arguments, if ``condition`` is true.</doc>
<arguments>
<arg>'${Hoja_excel}'!='LoginCLU_Test_Cases_KO'</arg>
<arg>Wait Until Element Is Visible</arg>
<arg>//div[@class="linkBalls"]</arg>
</arguments>
<status status="PASS" starttime="20200112 06:25:36.804" endtime="20200112 06:25:36.808"></status>
</kw>
<kw name="Run Keyword If" library="BuiltIn">
<doc>Runs the given keyword with the given arguments, if ``condition`` is true.</doc>
<arguments>
<arg>'${Hoja_excel}'!='LoginCLU_Test_Cases_KO'</arg>
<arg>sleep</arg>
<arg>5</arg>
</arguments>
<status status="PASS" starttime="20200112 06:25:36.812" endtime="20200112 06:25:36.815"></status>
</kw>
<status status="PASS" starttime="20200112 06:25:31.599" endtime="20200112 06:25:36.819"></status>
</kw>
<kw name="Pantallazo_LoginCLU_KO">
<kw name="Capture Page Screenshot" library="SeleniumLibrary">
<doc>Takes a screenshot of the current page and embeds it into a log file.</doc>
<arguments>
<arg>LoginCLU_KO-{index}.png</arg>
</arguments>
<msg timestamp="20200112 06:25:37.198" level="INFO" html="yes">&lt;/td&gt;&lt;/tr&gt;&lt;tr&gt;&lt;td colspan="3"&gt;&lt;a href="test/results/LoginCLU/KO/2020-01-12/LoginCLU_KO-3.png"&gt;&lt;img src="test/results/LoginCLU/KO/2020-01-12/LoginCLU_KO-3.png" width="800px"&gt;&lt;/a&gt;</msg>
<status status="PASS" starttime="20200112 06:25:36.827" endtime="20200112 06:25:37.201"></status>
</kw>
<status status="PASS" starttime="20200112 06:25:36.823" endtime="20200112 06:25:37.205"></status>
</kw>
<kw name="Close Browser" library="SeleniumLibrary">
<doc>Closes the current browser.</doc>
<status status="PASS" starttime="20200112 06:25:37.209" endtime="20200112 06:25:38.441"></status>
</kw>
<status status="PASS" starttime="20200112 06:25:26.228" endtime="20200112 06:25:38.447"></status>
</kw>
<kw name="${usuario} = 655758100, ${password} = 123456, ${resultado_esperado} = Error de contraseña" type="foritem">
<kw name="Abrir miOrangeApp Movilizado">
<kw name="Open Browser" library="SeleniumLibrary">
<doc>Opens a new browser instance to the optional ``url``.</doc>
<arguments>
<arg>${LOGIN URL}</arg>
<arg>${BROWSER}</arg>
</arguments>
<msg timestamp="20200112 06:25:38.471" level="INFO">Opening browser 'chrome' to base url 'https://areaprivada.orange.es/movilizado/index.html'.</msg>
<status status="PASS" starttime="20200112 06:25:38.465" endtime="20200112 06:25:43.476"></status>
</kw>
<kw name="Set Window Size" library="SeleniumLibrary">
<doc>Sets current windows size to given ``width`` and ``height``.</doc>
<arguments>
<arg>600</arg>
<arg>800</arg>
</arguments>
<status status="PASS" starttime="20200112 06:25:43.478" endtime="20200112 06:25:43.676"></status>
</kw>
<kw name="Set Window Position" library="SeleniumLibrary">
<doc>Sets window position using ``x`` and ``y`` coordinates.</doc>
<arguments>
<arg>0</arg>
<arg>0</arg>
</arguments>
<status status="PASS" starttime="20200112 06:25:43.680" endtime="20200112 06:25:43.870"></status>
</kw>
<kw name="Set Browser Implicit Wait" library="SeleniumLibrary">
<doc>Sets the implicit wait value used by Selenium.</doc>
<arguments>
<arg>10</arg>
</arguments>
<status status="PASS" starttime="20200112 06:25:43.874" endtime="20200112 06:25:43.890"></status>
</kw>
<status status="PASS" starttime="20200112 06:25:38.459" endtime="20200112 06:25:43.894"></status>
</kw>
<kw name="Log" library="BuiltIn">
<doc>Logs the given message with the given level.</doc>
<arguments>
<arg>Ejecutando Test...</arg>
</arguments>
<msg timestamp="20200112 06:25:43.902" level="INFO">Ejecutando Test...</msg>
<status status="PASS" starttime="20200112 06:25:43.898" endtime="20200112 06:25:43.908"></status>
</kw>
<kw name="Log" library="BuiltIn">
<doc>Logs the given message with the given level.</doc>
<arguments>
<arg>Msisdn: ${usuario}</arg>
</arguments>
<msg timestamp="20200112 06:25:43.916" level="INFO">Msisdn: 655758100</msg>
<status status="PASS" starttime="20200112 06:25:43.912" endtime="20200112 06:25:43.920"></status>
</kw>
<kw name="Log" library="BuiltIn">
<doc>Logs the given message with the given level.</doc>
<arguments>
<arg>Password: ${password}</arg>
</arguments>
<msg timestamp="20200112 06:25:43.928" level="INFO">Password: 123456</msg>
<status status="PASS" starttime="20200112 06:25:43.924" endtime="20200112 06:25:43.931"></status>
</kw>
<kw name="Log" library="BuiltIn">
<doc>Logs the given message with the given level.</doc>
<arguments>
<arg>Resultado esperado: ${resultado_esperado}</arg>
</arguments>
<msg timestamp="20200112 06:25:43.939" level="INFO">Resultado esperado: Error de contraseña</msg>
<status status="PASS" starttime="20200112 06:25:43.934" endtime="20200112 06:25:43.944"></status>
</kw>
<kw name="Login">
<arguments>
<arg>${usuario}</arg>
<arg>${password}</arg>
<arg>${Hoja_excel}</arg>
</arguments>
<kw name="Run Keyword If" library="BuiltIn">
<doc>Runs the given keyword with the given arguments, if ``condition`` is true.</doc>
<arguments>
<arg>'${usuario}'!='None'</arg>
<arg>Input Text</arg>
<arg>name=msisdn</arg>
<arg>${usuario}</arg>
</arguments>
<kw name="Input Text" library="SeleniumLibrary">
<doc>Types the given ``text`` into the text field identified by ``locator``.</doc>
<arguments>
<arg>name=msisdn</arg>
<arg>${usuario}</arg>
</arguments>
<msg timestamp="20200112 06:25:43.962" level="INFO">Typing text '655758100' into text field 'name=msisdn'.</msg>
<status status="PASS" starttime="20200112 06:25:43.958" endtime="20200112 06:25:46.575"></status>
</kw>
<status status="PASS" starttime="20200112 06:25:43.952" endtime="20200112 06:25:46.578"></status>
</kw>
<kw name="Run Keyword If" library="BuiltIn">
<doc>Runs the given keyword with the given arguments, if ``condition`` is true.</doc>
<arguments>
<arg>'${password}'!='None'</arg>
<arg>input text</arg>
<arg>id=tealeaf_user_password</arg>
<arg>${password}</arg>
</arguments>
<kw name="Input Text" library="SeleniumLibrary">
<doc>Types the given ``text`` into the text field identified by ``locator``.</doc>
<arguments>
<arg>id=tealeaf_user_password</arg>
<arg>${password}</arg>
</arguments>
<msg timestamp="20200112 06:25:46.596" level="INFO">Typing text '123456' into text field 'id=tealeaf_user_password'.</msg>
<status status="PASS" starttime="20200112 06:25:46.592" endtime="20200112 06:25:47.125"></status>
</kw>
<status status="PASS" starttime="20200112 06:25:46.582" endtime="20200112 06:25:47.128"></status>
</kw>
<kw name="Press Keys" library="SeleniumLibrary">
<doc>Simulates the user pressing key(s) to an element or on the active browser.</doc>
<arguments>
<arg>id=tealeaf_user_password</arg>
<arg>ENTER</arg>
</arguments>
<msg timestamp="20200112 06:25:47.135" level="INFO">Sending key(s) ('ENTER',) to id=tealeaf_user_password element.</msg>
<msg timestamp="20200112 06:25:47.180" level="INFO">Pressing special key ENTER to element.</msg>
<status status="PASS" starttime="20200112 06:25:47.132" endtime="20200112 06:25:47.814"></status>
</kw>
<kw name="Sleep" library="BuiltIn">
<doc>Pauses the test executed for the given time.</doc>
<arguments>
<arg>1</arg>
</arguments>
<msg timestamp="20200112 06:25:48.824" level="INFO">Slept 1 second</msg>
<status status="PASS" starttime="20200112 06:25:47.821" endtime="20200112 06:25:48.828"></status>
</kw>
<kw name="Run Keyword If" library="BuiltIn">
<doc>Runs the given keyword with the given arguments, if ``condition`` is true.</doc>
<arguments>
<arg>'${Hoja_excel}'!='LoginCLU_Test_Cases_KO'</arg>
<arg>Wait Until Page Contains Element</arg>
<arg>//div[@class="linkBalls"]</arg>
</arguments>
<status status="PASS" starttime="20200112 06:25:48.833" endtime="20200112 06:25:48.850"></status>
</kw>
<kw name="Run Keyword If" library="BuiltIn">
<doc>Runs the given keyword with the given arguments, if ``condition`` is true.</doc>
<arguments>
<arg>'${Hoja_excel}'!='LoginCLU_Test_Cases_KO'</arg>
<arg>Wait Until Element Is Enabled</arg>
<arg>//div[@class="linkBalls"]</arg>
</arguments>
<status status="PASS" starttime="20200112 06:25:48.854" endtime="20200112 06:25:48.858"></status>
</kw>
<kw name="Run Keyword If" library="BuiltIn">
<doc>Runs the given keyword with the given arguments, if ``condition`` is true.</doc>
<arguments>
<arg>'${Hoja_excel}'!='LoginCLU_Test_Cases_KO'</arg>
<arg>Wait Until Element Is Visible</arg>
<arg>//div[@class="linkBalls"]</arg>
</arguments>
<status status="PASS" starttime="20200112 06:25:48.862" endtime="20200112 06:25:48.866"></status>
</kw>
<kw name="Run Keyword If" library="BuiltIn">
<doc>Runs the given keyword with the given arguments, if ``condition`` is true.</doc>
<arguments>
<arg>'${Hoja_excel}'!='LoginCLU_Test_Cases_KO'</arg>
<arg>sleep</arg>
<arg>5</arg>
</arguments>
<status status="PASS" starttime="20200112 06:25:48.870" endtime="20200112 06:25:48.874"></status>
</kw>
<status status="PASS" starttime="20200112 06:25:43.948" endtime="20200112 06:25:48.876"></status>
</kw>
<kw name="Pantallazo_LoginCLU_KO">
<kw name="Capture Page Screenshot" library="SeleniumLibrary">
<doc>Takes a screenshot of the current page and embeds it into a log file.</doc>
<arguments>
<arg>LoginCLU_KO-{index}.png</arg>
</arguments>
<msg timestamp="20200112 06:25:49.286" level="INFO" html="yes">&lt;/td&gt;&lt;/tr&gt;&lt;tr&gt;&lt;td colspan="3"&gt;&lt;a href="test/results/LoginCLU/KO/2020-01-12/LoginCLU_KO-4.png"&gt;&lt;img src="test/results/LoginCLU/KO/2020-01-12/LoginCLU_KO-4.png" width="800px"&gt;&lt;/a&gt;</msg>
<status status="PASS" starttime="20200112 06:25:48.883" endtime="20200112 06:25:49.290"></status>
</kw>
<status status="PASS" starttime="20200112 06:25:48.880" endtime="20200112 06:25:49.293"></status>
</kw>
<kw name="Close Browser" library="SeleniumLibrary">
<doc>Closes the current browser.</doc>
<status status="PASS" starttime="20200112 06:25:49.297" endtime="20200112 06:25:50.498"></status>
</kw>
<status status="PASS" starttime="20200112 06:25:38.453" endtime="20200112 06:25:50.503"></status>
</kw>
<status status="PASS" starttime="20200112 06:25:02.762" endtime="20200112 06:25:50.509"></status>
</kw>
<kw name="Run Keyword If Test Failed" library="BuiltIn" type="teardown">
<doc>Runs the given keyword with the given arguments, if the test failed.</doc>
<arguments>
<arg>Close Browser</arg>
</arguments>
<status status="PASS" starttime="20200112 06:25:50.514" endtime="20200112 06:25:50.520"></status>
</kw>
<status status="PASS" starttime="20200112 06:25:02.660" endtime="20200112 06:25:50.526" critical="yes"></status>
</test>
<test id="s1-s1-s1-t3" name="Consulta_Bola_Facturas">
<kw name="Set Variable" library="BuiltIn">
<doc>Returns the given values which can then be assigned to a variables.</doc>
<arguments>
<arg>Consultas_Test_Cases_OK</arg>
</arguments>
<assign>
<var>${Hoja_excel}</var>
</assign>
<msg timestamp="20200112 06:25:50.538" level="INFO">${Hoja_excel} = Consultas_Test_Cases_OK</msg>
<status status="PASS" starttime="20200112 06:25:50.535" endtime="20200112 06:25:50.541"></status>
</kw>
<kw name="Leer_Datos_Excel">
<arguments>
<arg>hoja=${Hoja_excel}</arg>
</arguments>
<assign>
<var>@{datos}</var>
</assign>
<kw name="Open Excel Document" library="ExcelLibrary">
<doc>Opens xlsx document file.</doc>
<arguments>
<arg>filename=testcases.xlsx</arg>
<arg>doc_id=tests</arg>
</arguments>
<status status="PASS" starttime="20200112 06:25:50.547" endtime="20200112 06:25:50.564"></status>
</kw>
<kw name="Read Excel Column" library="ExcelLibrary">
<doc>Returns content of a column from the current sheet of the document.</doc>
<arguments>
<arg>col_num=2</arg>
<arg>sheet_name=${hoja}</arg>
</arguments>
<assign>
<var>@{datos}</var>
</assign>
<msg timestamp="20200112 06:25:50.572" level="INFO">@{datos} = [ 635656921 | 44332211 | Recurso Residencial Pospago. Acceso Dashboard OK. | 655758100 | zxcvbnm, | Recurso Residencial Pospago. Acceso Dashboard OK. ]</msg>
<status status="PASS" starttime="20200112 06:25:50.567" endtime="20200112 06:25:50.575"></status>
</kw>
<kw name="Close All Excel Documents" library="ExcelLibrary">
<doc>Closes all opened documents.</doc>
<status status="PASS" starttime="20200112 06:25:50.578" endtime="20200112 06:25:50.581"></status>
</kw>
<msg timestamp="20200112 06:25:50.585" level="INFO">@{datos} = [ 635656921 | 44332211 | Recurso Residencial Pospago. Acceso Dashboard OK. | 655758100 | zxcvbnm, | Recurso Residencial Pospago. Acceso Dashboard OK. ]</msg>
<status status="PASS" starttime="20200112 06:25:50.544" endtime="20200112 06:25:50.588"></status>
</kw>
<kw name="Set fecha test">
<assign>
<var>${fecha}</var>
</assign>
<kw name="Get Current Date" library="DateTime">
<doc>Returns current local or UTC time with an optional increment.</doc>
<arguments>
<arg>local</arg>
</arguments>
<assign>
<var>${fecha}</var>
</assign>
<msg timestamp="20200112 06:25:50.598" level="INFO">${fecha} = 2020-01-12 06:25:50.598</msg>
<status status="PASS" starttime="20200112 06:25:50.595" endtime="20200112 06:25:50.601"></status>
</kw>
<kw name="Convert Date" library="DateTime">
<doc>Converts between supported `date formats`.</doc>
<arguments>
<arg>${fecha}</arg>
<arg>result_format=%Y-%m-%d</arg>
</arguments>
<assign>
<var>${fecha}</var>
</assign>
<msg timestamp="20200112 06:25:50.609" level="INFO">${fecha} = 2020-01-12</msg>
<status status="PASS" starttime="20200112 06:25:50.606" endtime="20200112 06:25:50.613"></status>
</kw>
<msg timestamp="20200112 06:25:50.616" level="INFO">${fecha} = 2020-01-12</msg>
<status status="PASS" starttime="20200112 06:25:50.592" endtime="20200112 06:25:50.619"></status>
</kw>
<kw name="Set Screenshot Directory" library="SeleniumLibrary">
<doc>Sets the directory for captured screenshots.</doc>
<arguments>
<arg>test/results/Facturas/${fecha}</arg>
</arguments>
<status status="PASS" starttime="20200112 06:25:50.623" endtime="20200112 06:25:50.627"></status>
</kw>
<kw name="${usuario} | ${password} | ${resultado_esperado} IN [ @{datos} ]" type="for">
<kw name="${usuario} = 635656921, ${password} = 44332211, ${resultado_esperado} = Recurso Residencial Pospago. Acceso Dashboard OK." type="foritem">
<kw name="Abrir miOrangeApp Movilizado">
<kw name="Open Browser" library="SeleniumLibrary">
<doc>Opens a new browser instance to the optional ``url``.</doc>
<arguments>
<arg>${LOGIN URL}</arg>
<arg>${BROWSER}</arg>
</arguments>
<msg timestamp="20200112 06:25:50.646" level="INFO">Opening browser 'chrome' to base url 'https://areaprivada.orange.es/movilizado/index.html'.</msg>
<status status="PASS" starttime="20200112 06:25:50.642" endtime="20200112 06:25:55.887"></status>
</kw>
<kw name="Set Window Size" library="SeleniumLibrary">
<doc>Sets current windows size to given ``width`` and ``height``.</doc>
<arguments>
<arg>600</arg>
<arg>800</arg>
</arguments>
<status status="PASS" starttime="20200112 06:25:55.890" endtime="20200112 06:25:56.112"></status>
</kw>
<kw name="Set Window Position" library="SeleniumLibrary">
<doc>Sets window position using ``x`` and ``y`` coordinates.</doc>
<arguments>
<arg>0</arg>
<arg>0</arg>
</arguments>
<status status="PASS" starttime="20200112 06:25:56.115" endtime="20200112 06:25:56.304"></status>
</kw>
<kw name="Set Browser Implicit Wait" library="SeleniumLibrary">
<doc>Sets the implicit wait value used by Selenium.</doc>
<arguments>
<arg>10</arg>
</arguments>
<status status="PASS" starttime="20200112 06:25:56.308" endtime="20200112 06:25:56.323"></status>
</kw>
<status status="PASS" starttime="20200112 06:25:50.639" endtime="20200112 06:25:56.327"></status>
</kw>
<kw name="Log" library="BuiltIn">
<doc>Logs the given message with the given level.</doc>
<arguments>
<arg>Ejecutando Test...</arg>
</arguments>
<msg timestamp="20200112 06:25:56.333" level="INFO">Ejecutando Test...</msg>
<status status="PASS" starttime="20200112 06:25:56.330" endtime="20200112 06:25:56.336"></status>
</kw>
<kw name="Log" library="BuiltIn">
<doc>Logs the given message with the given level.</doc>
<arguments>
<arg>Msisdn: ${usuario}</arg>
</arguments>
<msg timestamp="20200112 06:25:56.343" level="INFO">Msisdn: 635656921</msg>
<status status="PASS" starttime="20200112 06:25:56.340" endtime="20200112 06:25:56.347"></status>
</kw>
<kw name="Log" library="BuiltIn">
<doc>Logs the given message with the given level.</doc>
<arguments>
<arg>Password: ${password}</arg>
</arguments>
<msg timestamp="20200112 06:25:56.355" level="INFO">Password: 44332211</msg>
<status status="PASS" starttime="20200112 06:25:56.350" endtime="20200112 06:25:56.358"></status>
</kw>
<kw name="Log" library="BuiltIn">
<doc>Logs the given message with the given level.</doc>
<arguments>
<arg>Resultado esperado: ${resultado_esperado}</arg>
</arguments>
<msg timestamp="20200112 06:25:56.365" level="INFO">Resultado esperado: Recurso Residencial Pospago. Acceso Dashboard OK.</msg>
<status status="PASS" starttime="20200112 06:25:56.361" endtime="20200112 06:25:56.367"></status>
</kw>
<kw name="Login">
<arguments>
<arg>${usuario}</arg>
<arg>${password}</arg>
<arg>${Hoja_excel}</arg>
</arguments>
<kw name="Run Keyword If" library="BuiltIn">
<doc>Runs the given keyword with the given arguments, if ``condition`` is true.</doc>
<arguments>
<arg>'${usuario}'!='None'</arg>
<arg>Input Text</arg>
<arg>name=msisdn</arg>
<arg>${usuario}</arg>
</arguments>
<kw name="Input Text" library="SeleniumLibrary">
<doc>Types the given ``text`` into the text field identified by ``locator``.</doc>
<arguments>
<arg>name=msisdn</arg>
<arg>${usuario}</arg>
</arguments>
<msg timestamp="20200112 06:25:56.384" level="INFO">Typing text '635656921' into text field 'name=msisdn'.</msg>
<status status="PASS" starttime="20200112 06:25:56.381" endtime="20200112 06:25:58.985"></status>
</kw>
<status status="PASS" starttime="20200112 06:25:56.376" endtime="20200112 06:25:58.989"></status>
</kw>
<kw name="Run Keyword If" library="BuiltIn">
<doc>Runs the given keyword with the given arguments, if ``condition`` is true.</doc>
<arguments>
<arg>'${password}'!='None'</arg>
<arg>input text</arg>
<arg>id=tealeaf_user_password</arg>
<arg>${password}</arg>
</arguments>
<kw name="Input Text" library="SeleniumLibrary">
<doc>Types the given ``text`` into the text field identified by ``locator``.</doc>
<arguments>
<arg>id=tealeaf_user_password</arg>
<arg>${password}</arg>
</arguments>
<msg timestamp="20200112 06:25:59.007" level="INFO">Typing text '44332211' into text field 'id=tealeaf_user_password'.</msg>
<status status="PASS" starttime="20200112 06:25:59.002" endtime="20200112 06:25:59.575"></status>
</kw>
<status status="PASS" starttime="20200112 06:25:58.994" endtime="20200112 06:25:59.578"></status>
</kw>
<kw name="Press Keys" library="SeleniumLibrary">
<doc>Simulates the user pressing key(s) to an element or on the active browser.</doc>
<arguments>
<arg>id=tealeaf_user_password</arg>
<arg>ENTER</arg>
</arguments>
<msg timestamp="20200112 06:25:59.583" level="INFO">Sending key(s) ('ENTER',) to id=tealeaf_user_password element.</msg>
<msg timestamp="20200112 06:25:59.633" level="INFO">Pressing special key ENTER to element.</msg>
<status status="PASS" starttime="20200112 06:25:59.581" endtime="20200112 06:26:00.269"></status>
</kw>
<kw name="Sleep" library="BuiltIn">
<doc>Pauses the test executed for the given time.</doc>
<arguments>
<arg>1</arg>
</arguments>
<msg timestamp="20200112 06:26:01.279" level="INFO">Slept 1 second</msg>
<status status="PASS" starttime="20200112 06:26:00.274" endtime="20200112 06:26:01.283"></status>
</kw>
<kw name="Run Keyword If" library="BuiltIn">
<doc>Runs the given keyword with the given arguments, if ``condition`` is true.</doc>
<arguments>
<arg>'${Hoja_excel}'!='LoginCLU_Test_Cases_KO'</arg>
<arg>Wait Until Page Contains Element</arg>
<arg>//div[@class="linkBalls"]</arg>
</arguments>
<kw name="Wait Until Page Contains Element" library="SeleniumLibrary">
<doc>Waits until the element ``locator`` appears on the current page.</doc>
<arguments>
<arg>//div[@class="linkBalls"]</arg>
</arguments>
<status status="PASS" starttime="20200112 06:26:01.298" endtime="20200112 06:26:02.136"></status>
</kw>
<status status="PASS" starttime="20200112 06:26:01.287" endtime="20200112 06:26:02.143"></status>
</kw>
<kw name="Run Keyword If" library="BuiltIn">
<doc>Runs the given keyword with the given arguments, if ``condition`` is true.</doc>
<arguments>
<arg>'${Hoja_excel}'!='LoginCLU_Test_Cases_KO'</arg>
<arg>Wait Until Element Is Enabled</arg>
<arg>//div[@class="linkBalls"]</arg>
</arguments>
<kw name="Wait Until Element Is Enabled" library="SeleniumLibrary">
<doc>Waits until the element ``locator`` is enabled.</doc>
<arguments>
[...]
<msg timestamp="20200112 06:27:59.391" level="INFO">Slept 1 second</msg>
<status status="PASS" starttime="20200112 06:27:58.386" endtime="20200112 06:27:59.394"></status>
</kw>
<kw name="Wait Until Page Contains Element" library="SeleniumLibrary">
<doc>Waits until the element ``locator`` appears on the current page.</doc>
<arguments>
<arg>//userdata[@datos-contrato="cmsPagina.modules[3]"]</arg>
</arguments>
<status status="PASS" starttime="20200112 06:27:59.398" endtime="20200112 06:27:59.505"></status>
</kw>
<kw name="Wait Until Element Is Enabled" library="SeleniumLibrary">
<doc>Waits until the element ``locator`` is enabled.</doc>
<arguments>
<arg>//userdata[@datos-contrato="cmsPagina.modules[3]"]</arg>
</arguments>
<status status="PASS" starttime="20200112 06:27:59.509" endtime="20200112 06:27:59.696"></status>
</kw>
<kw name="Pantallazo_Pagina_Contrato">
<kw name="Capture Page Screenshot" library="SeleniumLibrary">
<doc>Takes a screenshot of the current page and embeds it into a log file.</doc>
<arguments>
<arg>Contrato_OK-{index}.png</arg>
</arguments>
<msg timestamp="20200112 06:28:00.058" level="INFO" html="yes">&lt;/td&gt;&lt;/tr&gt;&lt;tr&gt;&lt;td colspan="3"&gt;&lt;a href="test/results/Milinea/DatosContrato/2020-01-12/Contrato_OK-1.png"&gt;&lt;img src="test/results/Milinea/DatosContrato/2020-01-12/Contrato_OK-1.png" width="800px"&gt;&lt;/a&gt;</msg>
<status status="PASS" starttime="20200112 06:27:59.704" endtime="20200112 06:28:00.061"></status>
</kw>
<status status="PASS" starttime="20200112 06:27:59.700" endtime="20200112 06:28:00.065"></status>
</kw>
<kw name="Scroll Element Into View" library="SeleniumLibrary">
<doc>Scrolls the element identified by ``locator`` into view.</doc>
<arguments>
<arg>//userdata[@datos-contrato="cmsPagina.modules[3]"]</arg>
</arguments>
<status status="PASS" starttime="20200112 06:28:00.069" endtime="20200112 06:28:00.698"></status>
</kw>
<kw name="Pantallazo_Pagina_Contrato">
<kw name="Capture Page Screenshot" library="SeleniumLibrary">
<doc>Takes a screenshot of the current page and embeds it into a log file.</doc>
<arguments>
<arg>Contrato_OK-{index}.png</arg>
</arguments>
<msg timestamp="20200112 06:28:01.056" level="INFO" html="yes">&lt;/td&gt;&lt;/tr&gt;&lt;tr&gt;&lt;td colspan="3"&gt;&lt;a href="test/results/Milinea/DatosContrato/2020-01-12/Contrato_OK-2.png"&gt;&lt;img src="test/results/Milinea/DatosContrato/2020-01-12/Contrato_OK-2.png" width="800px"&gt;&lt;/a&gt;</msg>
<status status="PASS" starttime="20200112 06:28:00.707" endtime="20200112 06:28:01.059"></status>
</kw>
<status status="PASS" starttime="20200112 06:28:00.703" endtime="20200112 06:28:01.062"></status>
</kw>
<status status="PASS" starttime="20200112 06:27:51.123" endtime="20200112 06:28:01.066"></status>
</kw>
<kw name="Close Browser" library="SeleniumLibrary">
<doc>Closes the current browser.</doc>
<status status="PASS" starttime="20200112 06:28:01.070" endtime="20200112 06:28:02.312"></status>
</kw>
<status status="PASS" starttime="20200112 06:27:32.807" endtime="20200112 06:28:02.317"></status>
</kw>
<kw name="${usuario} = 655758100, ${password} = zxcvbnm,, ${resultado_esperado} = Recurso Residencial Pospago. Acceso Dashboard OK." type="foritem">
<kw name="Abrir miOrangeApp Movilizado">
<kw name="Open Browser" library="SeleniumLibrary">
<doc>Opens a new browser instance to the optional ``url``.</doc>
<arguments>
<arg>${LOGIN URL}</arg>
<arg>${BROWSER}</arg>
</arguments>
<msg timestamp="20200112 06:28:02.347" level="INFO">Opening browser 'chrome' to base url 'https://areaprivada.orange.es/movilizado/index.html'.</msg>
<status status="PASS" starttime="20200112 06:28:02.342" endtime="20200112 06:28:07.820"></status>
</kw>
<kw name="Set Window Size" library="SeleniumLibrary">
<doc>Sets current windows size to given ``width`` and ``height``.</doc>
<arguments>
<arg>600</arg>
<arg>800</arg>
</arguments>
<status status="PASS" starttime="20200112 06:28:07.823" endtime="20200112 06:28:08.034"></status>
</kw>
<kw name="Set Window Position" library="SeleniumLibrary">
<doc>Sets window position using ``x`` and ``y`` coordinates.</doc>
<arguments>
<arg>0</arg>
<arg>0</arg>
</arguments>
<status status="PASS" starttime="20200112 06:28:08.038" endtime="20200112 06:28:08.239"></status>
</kw>
<kw name="Set Browser Implicit Wait" library="SeleniumLibrary">
<doc>Sets the implicit wait value used by Selenium.</doc>
<arguments>
<arg>10</arg>
</arguments>
<status status="PASS" starttime="20200112 06:28:08.242" endtime="20200112 06:28:08.258"></status>
</kw>
<status status="PASS" starttime="20200112 06:28:02.335" endtime="20200112 06:28:08.261"></status>
</kw>
<kw name="Log" library="BuiltIn">
<doc>Logs the given message with the given level.</doc>
<arguments>
<arg>Ejecutando Test...</arg>
</arguments>
<msg timestamp="20200112 06:28:08.269" level="INFO">Ejecutando Test...</msg>
<status status="PASS" starttime="20200112 06:28:08.264" endtime="20200112 06:28:08.272"></status>
</kw>
<kw name="Log" library="BuiltIn">
<doc>Logs the given message with the given level.</doc>
<arguments>
<arg>Msisdn: ${usuario}</arg>
</arguments>
<msg timestamp="20200112 06:28:08.286" level="INFO">Msisdn: 655758100</msg>
<status status="PASS" starttime="20200112 06:28:08.276" endtime="20200112 06:28:08.290"></status>
</kw>
<kw name="Log" library="BuiltIn">
<doc>Logs the given message with the given level.</doc>
<arguments>
<arg>Password: ${password}</arg>
</arguments>
<msg timestamp="20200112 06:28:08.297" level="INFO">Password: zxcvbnm,</msg>
<status status="PASS" starttime="20200112 06:28:08.293" endtime="20200112 06:28:08.301"></status>
</kw>
<kw name="Log" library="BuiltIn">
<doc>Logs the given message with the given level.</doc>
<arguments>
<arg>Resultado esperado: ${resultado_esperado}</arg>
</arguments>
<msg timestamp="20200112 06:28:08.309" level="INFO">Resultado esperado: Recurso Residencial Pospago. Acceso Dashboard OK.</msg>
<status status="PASS" starttime="20200112 06:28:08.304" endtime="20200112 06:28:08.312"></status>
</kw>
<kw name="Login">
<arguments>
<arg>${usuario}</arg>
<arg>${password}</arg>
<arg>${Hoja_excel}</arg>
</arguments>
<kw name="Run Keyword If" library="BuiltIn">
<doc>Runs the given keyword with the given arguments, if ``condition`` is true.</doc>
<arguments>
<arg>'${usuario}'!='None'</arg>
<arg>Input Text</arg>
<arg>name=msisdn</arg>
<arg>${usuario}</arg>
</arguments>
<kw name="Input Text" library="SeleniumLibrary">
<doc>Types the given ``text`` into the text field identified by ``locator``.</doc>
<arguments>
<arg>name=msisdn</arg>
<arg>${usuario}</arg>
</arguments>
<msg timestamp="20200112 06:28:08.327" level="INFO">Typing text '655758100' into text field 'name=msisdn'.</msg>
<status status="PASS" starttime="20200112 06:28:08.324" endtime="20200112 06:28:10.892"></status>
</kw>
<status status="PASS" starttime="20200112 06:28:08.320" endtime="20200112 06:28:10.895"></status>
</kw>
<kw name="Run Keyword If" library="BuiltIn">
<doc>Runs the given keyword with the given arguments, if ``condition`` is true.</doc>
<arguments>
<arg>'${password}'!='None'</arg>
<arg>input text</arg>
<arg>id=tealeaf_user_password</arg>
<arg>${password}</arg>
</arguments>
<kw name="Input Text" library="SeleniumLibrary">
<doc>Types the given ``text`` into the text field identified by ``locator``.</doc>
<arguments>
<arg>id=tealeaf_user_password</arg>
<arg>${password}</arg>
</arguments>
<msg timestamp="20200112 06:28:10.913" level="INFO">Typing text 'zxcvbnm,' into text field 'id=tealeaf_user_password'.</msg>
<status status="PASS" starttime="20200112 06:28:10.910" endtime="20200112 06:28:11.461"></status>
</kw>
<status status="PASS" starttime="20200112 06:28:10.899" endtime="20200112 06:28:11.465"></status>
</kw>
<kw name="Press Keys" library="SeleniumLibrary">
<doc>Simulates the user pressing key(s) to an element or on the active browser.</doc>
<arguments>
<arg>id=tealeaf_user_password</arg>
<arg>ENTER</arg>
</arguments>
<msg timestamp="20200112 06:28:11.473" level="INFO">Sending key(s) ('ENTER',) to id=tealeaf_user_password element.</msg>
<msg timestamp="20200112 06:28:11.524" level="INFO">Pressing special key ENTER to element.</msg>
<status status="PASS" starttime="20200112 06:28:11.469" endtime="20200112 06:28:12.195"></status>
</kw>
<kw name="Sleep" library="BuiltIn">
<doc>Pauses the test executed for the given time.</doc>
<arguments>
<arg>1</arg>
</arguments>
<msg timestamp="20200112 06:28:13.204" level="INFO">Slept 1 second</msg>
<status status="PASS" starttime="20200112 06:28:12.198" endtime="20200112 06:28:13.208"></status>
</kw>
<kw name="Run Keyword If" library="BuiltIn">
<doc>Runs the given keyword with the given arguments, if ``condition`` is true.</doc>
<arguments>
<arg>'${Hoja_excel}'!='LoginCLU_Test_Cases_KO'</arg>
<arg>Wait Until Page Contains Element</arg>
<arg>//div[@class="linkBalls"]</arg>
</arguments>
<kw name="Wait Until Page Contains Element" library="SeleniumLibrary">
<doc>Waits until the element ``locator`` appears on the current page.</doc>
<arguments>
<arg>//div[@class="linkBalls"]</arg>
</arguments>
<status status="PASS" starttime="20200112 06:28:13.228" endtime="20200112 06:28:14.310"></status>
</kw>
<status status="PASS" starttime="20200112 06:28:13.212" endtime="20200112 06:28:14.316"></status>
</kw>
<kw name="Run Keyword If" library="BuiltIn">
<doc>Runs the given keyword with the given arguments, if ``condition`` is true.</doc>
<arguments>
<arg>'${Hoja_excel}'!='LoginCLU_Test_Cases_KO'</arg>
<arg>Wait Until Element Is Enabled</arg>
<arg>//div[@class="linkBalls"]</arg>
</arguments>
<kw name="Wait Until Element Is Enabled" library="SeleniumLibrary">
<doc>Waits until the element ``locator`` is enabled.</doc>
<arguments>
<arg>//div[@class="linkBalls"]</arg>
</arguments>
<status status="PASS" starttime="20200112 06:28:14.325" endtime="20200112 06:28:15.421"></status>
</kw>
<status status="PASS" starttime="20200112 06:28:14.321" endtime="20200112 06:28:15.424"></status>
</kw>
<kw name="Run Keyword If" library="BuiltIn">
<doc>Runs the given keyword with the given arguments, if ``condition`` is true.</doc>
<arguments>
<arg>'${Hoja_excel}'!='LoginCLU_Test_Cases_KO'</arg>
<arg>Wait Until Element Is Visible</arg>
<arg>//div[@class="linkBalls"]</arg>
</arguments>
<kw name="Wait Until Element Is Visible" library="SeleniumLibrary">
<doc>Waits until the element ``locator`` is visible.</doc>
<arguments>
<arg>//div[@class="linkBalls"]</arg>
</arguments>
<status status="PASS" starttime="20200112 06:28:15.440" endtime="20200112 06:28:15.778"></status>
</kw>
<status status="PASS" starttime="20200112 06:28:15.427" endtime="20200112 06:28:15.786"></status>
</kw>
<kw name="Run Keyword If" library="BuiltIn">
<doc>Runs the given keyword with the given arguments, if ``condition`` is true.</doc>
<arguments>
<arg>'${Hoja_excel}'!='LoginCLU_Test_Cases_KO'</arg>
<arg>sleep</arg>
<arg>5</arg>
</arguments>
<kw name="Sleep" library="BuiltIn">
<doc>Pauses the test executed for the given time.</doc>
<arguments>
<arg>5</arg>
</arguments>
<msg timestamp="20200112 06:28:20.805" level="INFO">Slept 5 seconds</msg>
<status status="PASS" starttime="20200112 06:28:15.799" endtime="20200112 06:28:20.808"></status>
</kw>
<status status="PASS" starttime="20200112 06:28:15.796" endtime="20200112 06:28:20.812"></status>
</kw>
<status status="PASS" starttime="20200112 06:28:08.315" endtime="20200112 06:28:20.815"></status>
</kw>
<kw name="Pagina_Milinea&gt;DatosContrato">
<kw name="Wait Until Element Is Enabled" library="SeleniumLibrary">
<doc>Waits until the element ``locator`` is enabled.</doc>
<arguments>
<arg>id=accesoLinea</arg>
</arguments>
<status status="PASS" starttime="20200112 06:28:20.829" endtime="20200112 06:28:21.036"></status>
</kw>
<kw name="Wait Until Element Is Visible" library="SeleniumLibrary">
<doc>Waits until the element ``locator`` is visible.</doc>
<arguments>
<arg>id=accesoLinea</arg>
</arguments>
<status status="PASS" starttime="20200112 06:28:21.039" endtime="20200112 06:28:21.174"></status>
</kw>
<kw name="Click Element" library="SeleniumLibrary">
<doc>Click the element identified by ``locator``.</doc>
<arguments>
<arg>id=accesoLinea</arg>
</arguments>
<msg timestamp="20200112 06:28:21.183" level="INFO">Clicking element 'id=accesoLinea'.</msg>
<status status="PASS" starttime="20200112 06:28:21.178" endtime="20200112 06:28:21.557"></status>
</kw>
<kw name="Sleep" library="BuiltIn">
<doc>Pauses the test executed for the given time.</doc>
<arguments>
<arg>5</arg>
</arguments>
<msg timestamp="20200112 06:28:26.565" level="INFO">Slept 5 seconds</msg>
<status status="PASS" starttime="20200112 06:28:21.561" endtime="20200112 06:28:26.569"></status>
</kw>
<kw name="Wait Until Page Contains Element" library="SeleniumLibrary">
<doc>Waits until the element ``locator`` appears on the current page.</doc>
<arguments>
<arg>//module-link[@link-module="cmsPagina.modules[22]"]</arg>
</arguments>
<status status="PASS" starttime="20200112 06:28:26.572" endtime="20200112 06:28:26.662"></status>
</kw>
<kw name="Wait Until Element Is Enabled" library="SeleniumLibrary">
<doc>Waits until the element ``locator`` is enabled.</doc>
<arguments>
<arg>//module-link[@link-module="cmsPagina.modules[22]"]</arg>
</arguments>
<status status="PASS" starttime="20200112 06:28:26.666" endtime="20200112 06:28:26.815"></status>
</kw>
<kw name="Wait Until Page Contains Element" library="SeleniumLibrary">
<doc>Waits until the element ``locator`` appears on the current page.</doc>
<arguments>
<arg>//module-link[@link-module="cmsPagina.modules[27]"]</arg>
</arguments>
<status status="PASS" starttime="20200112 06:28:26.819" endtime="20200112 06:28:26.879"></status>
</kw>
<kw name="Wait Until Element Is Enabled" library="SeleniumLibrary">
<doc>Waits until the element ``locator`` is enabled.</doc>
<arguments>
<arg>//module-link[@link-module="cmsPagina.modules[27]"]</arg>
</arguments>
<status status="PASS" starttime="20200112 06:28:26.882" endtime="20200112 06:28:27.028"></status>
</kw>
<kw name="Scroll Element Into View" library="SeleniumLibrary">
<doc>Scrolls the element identified by ``locator`` into view.</doc>
<arguments>
<arg>//module-link[@link-module="cmsPagina.modules[29]"]</arg>
</arguments>
<status status="PASS" starttime="20200112 06:28:27.032" endtime="20200112 06:28:27.677"></status>
</kw>
<kw name="Click Element" library="SeleniumLibrary">
<doc>Click the element identified by ``locator``.</doc>
<arguments>
<arg>//module-link[@link-module="cmsPagina.modules[29]"]</arg>
</arguments>
<msg timestamp="20200112 06:28:27.688" level="INFO">Clicking element '//module-link[@link-module="cmsPagina.modules[29]"]'.</msg>
<status status="PASS" starttime="20200112 06:28:27.682" endtime="20200112 06:28:28.012"></status>
</kw>
<kw name="Sleep" library="BuiltIn">
<doc>Pauses the test executed for the given time.</doc>
<arguments>
<arg>1</arg>
</arguments>
<msg timestamp="20200112 06:28:29.020" level="INFO">Slept 1 second</msg>
<status status="PASS" starttime="20200112 06:28:28.016" endtime="20200112 06:28:29.024"></status>
</kw>
<kw name="Wait Until Page Contains Element" library="SeleniumLibrary">
<doc>Waits until the element ``locator`` appears on the current page.</doc>
<arguments>
<arg>//userdata[@datos-contrato="cmsPagina.modules[3]"]</arg>
</arguments>
<status status="PASS" starttime="20200112 06:28:29.028" endtime="20200112 06:28:29.130"></status>
</kw>
<kw name="Wait Until Element Is Enabled" library="SeleniumLibrary">
<doc>Waits until the element ``locator`` is enabled.</doc>
<arguments>
<arg>//userdata[@datos-contrato="cmsPagina.modules[3]"]</arg>
</arguments>
<status status="PASS" starttime="20200112 06:28:29.134" endtime="20200112 06:28:29.326"></status>
</kw>
<kw name="Pantallazo_Pagina_Contrato">
<kw name="Capture Page Screenshot" library="SeleniumLibrary">
<doc>Takes a screenshot of the current page and embeds it into a log file.</doc>
<arguments>
<arg>Contrato_OK-{index}.png</arg>
</arguments>
<msg timestamp="20200112 06:28:29.672" level="INFO" html="yes">&lt;/td&gt;&lt;/tr&gt;&lt;tr&gt;&lt;td colspan="3"&gt;&lt;a href="test/results/Milinea/DatosContrato/2020-01-12/Contrato_OK-3.png"&gt;&lt;img src="test/results/Milinea/DatosContrato/2020-01-12/Contrato_OK-3.png" width="800px"&gt;&lt;/a&gt;</msg>
<status status="PASS" starttime="20200112 06:28:29.332" endtime="20200112 06:28:29.675"></status>
</kw>
<status status="PASS" starttime="20200112 06:28:29.328" endtime="20200112 06:28:29.678"></status>
</kw>
<kw name="Scroll Element Into View" library="SeleniumLibrary">
<doc>Scrolls the element identified by ``locator`` into view.</doc>
<arguments>
<arg>//userdata[@datos-contrato="cmsPagina.modules[3]"]</arg>
</arguments>
<status status="PASS" starttime="20200112 06:28:29.681" endtime="20200112 06:28:30.313"></status>
</kw>
<kw name="Pantallazo_Pagina_Contrato">
<kw name="Capture Page Screenshot" library="SeleniumLibrary">
<doc>Takes a screenshot of the current page and embeds it into a log file.</doc>
<arguments>
<arg>Contrato_OK-{index}.png</arg>
</arguments>
<msg timestamp="20200112 06:28:30.681" level="INFO" html="yes">&lt;/td&gt;&lt;/tr&gt;&lt;tr&gt;&lt;td colspan="3"&gt;&lt;a href="test/results/Milinea/DatosContrato/2020-01-12/Contrato_OK-4.png"&gt;&lt;img src="test/results/Milinea/DatosContrato/2020-01-12/Contrato_OK-4.png" width="800px"&gt;&lt;/a&gt;</msg>
<status status="PASS" starttime="20200112 06:28:30.322" endtime="20200112 06:28:30.684"></status>
</kw>
<status status="PASS" starttime="20200112 06:28:30.318" endtime="20200112 06:28:30.687"></status>
</kw>
<status status="PASS" starttime="20200112 06:28:20.820" endtime="20200112 06:28:30.689"></status>
</kw>
<kw name="Close Browser" library="SeleniumLibrary">
<doc>Closes the current browser.</doc>
<status status="PASS" starttime="20200112 06:28:30.693" endtime="20200112 06:28:31.950"></status>
</kw>
<status status="PASS" starttime="20200112 06:28:02.323" endtime="20200112 06:28:31.958"></status>
</kw>
<status status="PASS" starttime="20200112 06:27:32.803" endtime="20200112 06:28:31.963"></status>
</kw>
<kw name="Run Keyword If Test Failed" library="BuiltIn" type="teardown">
<doc>Runs the given keyword with the given arguments, if the test failed.</doc>
<arguments>
<arg>Close Browser</arg>
</arguments>
<status status="PASS" starttime="20200112 06:28:31.968" endtime="20200112 06:28:31.981"></status>
</kw>
<status status="PASS" starttime="20200112 06:27:32.697" endtime="20200112 06:28:31.986" critical="yes"></status>
</test>
<kw name="Close All Browsers" library="SeleniumLibrary" type="teardown">
<doc>Closes all open browsers and resets the browser cache.</doc>
<status status="PASS" starttime="20200112 06:28:31.994" endtime="20200112 06:28:31.999"></status>
</kw>
<doc>Ejemplo sencillo de automatizacion de pruebas con robotframework y la libreria de selenium</doc>
<status status="PASS" starttime="20200112 06:24:00.777" endtime="20200112 06:28:32.004"></status>
</suite>
<status status="PASS" starttime="20200112 06:24:00.769" endtime="20200112 06:28:32.020"></status>
</suite>
<status status="PASS" starttime="20200112 06:24:00.740" endtime="20200112 06:28:32.027"></status>
</suite>
<statistics>
<total>
<stat pass="5" fail="0">Critical Tests</stat>
<stat pass="5" fail="0">All Tests</stat>
</total>
<tag>
</tag>
<suite>
<stat pass="5" fail="0" id="s1" name="miOrangeApp">miOrangeApp</stat>
<stat pass="5" fail="0" id="s1-s1" name="Test">miOrangeApp.Test</stat>
<stat pass="5" fail="0" id="s1-s1-s1" name="miOrangeApp">miOrangeApp.Test.miOrangeApp</stat>
</suite>
</statistics>
<errors>
</errors>
</robot>
