<?xml version="1.0" encoding="UTF-8"?>
<robot generator="Robot 3.1.2 (Python 3.8.1 on win32)" generated="20200113 21:59:09.883" rpa="false">
<suite id="s1" name="miOrangeApp" source="C:\Javi\Automatizacion\Eclipse_2019\Workspaces\miOrangeApp\git\Robot-miOrangeApp\miOrangeApp">
<suite id="s1-s1" name="Test" source="C:\Javi\Automatizacion\Eclipse_2019\Workspaces\miOrangeApp\git\Robot-miOrangeApp\miOrangeApp\test">
<suite id="s1-s1-s1" name="miOrangeApp" source="C:\Javi\Automatizacion\Eclipse_2019\Workspaces\miOrangeApp\git\Robot-miOrangeApp\miOrangeApp\test\miOrangeApp.robot">
<test id="s1-s1-s1-t1" name="Consulta_CPs">
<kw name="Set Variable" library="BuiltIn">
<doc>Returns the given values which can then be assigned to a variables.</doc>
<arguments>
<arg>Consulta_CPs</arg>
</arguments>
<assign>
<var>${Hoja_excel}</var>
</assign>
<msg timestamp="20200113 21:59:11.142" level="INFO">${Hoja_excel} = Consulta_CPs</msg>
<status status="PASS" starttime="20200113 21:59:11.141" endtime="20200113 21:59:11.142"></status>
</kw>
<kw name="Leer_Datos_Excel">
<arguments>
<arg>hoja=${Hoja_excel}</arg>
</arguments>
<assign>
<var>@{datos}</var>
</assign>
<kw name="Open Excel Document" library="ExcelLibrary">
<doc>Opens xlsx document file.</doc>
<arguments>
<arg>filename=testcases.xlsx</arg>
<arg>doc_id=tests</arg>
</arguments>
<status status="PASS" starttime="20200113 21:59:11.144" endtime="20200113 21:59:11.165"></status>
</kw>
<kw name="Read Excel Column" library="ExcelLibrary">
<doc>Returns content of a column from the current sheet of the document.</doc>
<arguments>
<arg>col_num=2</arg>
<arg>sheet_name=${hoja}</arg>
</arguments>
<assign>
<var>@{datos}</var>
</assign>
<msg timestamp="20200113 21:59:11.167" level="INFO">@{datos} = [ 655758100 | zxcvbnm, | Residencial Pospago | Cliente No Love. Acceso Dashboard OK.Sin CPs | 635656921 | 44332211 | Residencial Pospago | Cliente No Love. Acceso Dashboard OK.Con CPs ]</msg>
<status status="PASS" starttime="20200113 21:59:11.166" endtime="20200113 21:59:11.168"></status>
</kw>
<kw name="Close All Excel Documents" library="ExcelLibrary">
<doc>Closes all opened documents.</doc>
<status status="PASS" starttime="20200113 21:59:11.169" endtime="20200113 21:59:11.170"></status>
</kw>
<msg timestamp="20200113 21:59:11.170" level="INFO">@{datos} = [ 655758100 | zxcvbnm, | Residencial Pospago | Cliente No Love. Acceso Dashboard OK.Sin CPs | 635656921 | 44332211 | Residencial Pospago | Cliente No Love. Acceso Dashboard OK.Con CPs ]</msg>
<status status="PASS" starttime="20200113 21:59:11.143" endtime="20200113 21:59:11.170"></status>
</kw>
<kw name="Set fecha test">
<assign>
<var>${fecha}</var>
</assign>
<kw name="Get Current Date" library="DateTime">
<doc>Returns current local or UTC time with an optional increment.</doc>
<arguments>
<arg>local</arg>
</arguments>
<assign>
<var>${fecha}</var>
</assign>
<msg timestamp="20200113 21:59:11.172" level="INFO">${fecha} = 2020-01-13 21:59:11.172</msg>
<status status="PASS" starttime="20200113 21:59:11.172" endtime="20200113 21:59:11.172"></status>
</kw>
<kw name="Convert Date" library="DateTime">
<doc>Converts between supported `date formats`.</doc>
<arguments>
<arg>${fecha}</arg>
<arg>result_format=%Y-%m-%d</arg>
</arguments>
<assign>
<var>${fecha}</var>
</assign>
<msg timestamp="20200113 21:59:11.177" level="INFO">${fecha} = 2020-01-13</msg>
<status status="PASS" starttime="20200113 21:59:11.173" endtime="20200113 21:59:11.177"></status>
</kw>
<msg timestamp="20200113 21:59:11.178" level="INFO">${fecha} = 2020-01-13</msg>
<status status="PASS" starttime="20200113 21:59:11.171" endtime="20200113 21:59:11.178"></status>
</kw>
<kw name="Run Keyword If" library="BuiltIn">
<doc>Runs the given keyword with the given arguments, if ``condition`` is true.</doc>
<arguments>
<arg>'${Toggle_Capturas_Evidencias}'=='true'</arg>
<arg>Set Screenshot Directory</arg>
<arg>test/results/Milinea/CPs/${fecha}</arg>
</arguments>
<kw name="Set Screenshot Directory" library="SeleniumLibrary">
<doc>Sets the directory for captured screenshots.</doc>
<arguments>
<arg>test/results/Milinea/CPs/${fecha}</arg>
</arguments>
<status status="PASS" starttime="20200113 21:59:11.179" endtime="20200113 21:59:11.180"></status>
</kw>
<status status="PASS" starttime="20200113 21:59:11.179" endtime="20200113 21:59:11.181"></status>
</kw>
<kw name="${usuario} | ${password} | ${mercado} | ${resultado_esperado} IN [ @{datos} ]" type="for">
<kw name="${usuario} = 655758100, ${password} = zxcvbnm,, ${mercado} = Residencial Pospago, ${resultado_esperado} = Cliente No Love. Acceso Dashboard OK.Sin CPs" type="foritem">
<kw name="Abrir miOrangeApp Movilizado">
<kw name="Open Browser" library="SeleniumLibrary">
<doc>Opens a new browser instance to the optional ``url``.</doc>
<arguments>
<arg>${LOGIN URL}</arg>
<arg>${BROWSER}</arg>
</arguments>
<msg timestamp="20200113 21:59:11.183" level="INFO">Opening browser 'chrome' to base url 'https://areaprivada.orange.es/movilizado/index.html'.</msg>
<status status="PASS" starttime="20200113 21:59:11.183" endtime="20200113 21:59:15.627"></status>
</kw>
<kw name="Set Window Size" library="SeleniumLibrary">
<doc>Sets current windows size to given ``width`` and ``height``.</doc>
<arguments>
<arg>400</arg>
<arg>800</arg>
</arguments>
<status status="PASS" starttime="20200113 21:59:15.628" endtime="20200113 21:59:15.761"></status>
</kw>
<kw name="Set Window Position" library="SeleniumLibrary">
<doc>Sets window position using ``x`` and ``y`` coordinates.</doc>
<arguments>
<arg>0</arg>
<arg>0</arg>
</arguments>
<status status="PASS" starttime="20200113 21:59:15.762" endtime="20200113 21:59:15.895"></status>
</kw>
<kw name="Set Browser Implicit Wait" library="SeleniumLibrary">
<doc>Sets the implicit wait value used by Selenium.</doc>
<arguments>
<arg>30</arg>
</arguments>
<status status="PASS" starttime="20200113 21:59:15.896" endtime="20200113 21:59:15.900"></status>
</kw>
<status status="PASS" starttime="20200113 21:59:11.182" endtime="20200113 21:59:15.900"></status>
</kw>
<kw name="Log" library="BuiltIn">
<doc>Logs the given message with the given level.</doc>
<arguments>
<arg>Ejecutando Test...</arg>
</arguments>
<msg timestamp="20200113 21:59:15.902" level="INFO">Ejecutando Test...</msg>
<status status="PASS" starttime="20200113 21:59:15.901" endtime="20200113 21:59:15.902"></status>
</kw>
<kw name="Log" library="BuiltIn">
<doc>Logs the given message with the given level.</doc>
<arguments>
<arg>Msisdn: ${usuario}</arg>
</arguments>
<msg timestamp="20200113 21:59:15.904" level="INFO">Msisdn: 655758100</msg>
<status status="PASS" starttime="20200113 21:59:15.903" endtime="20200113 21:59:15.904"></status>
</kw>
<kw name="Log" library="BuiltIn">
<doc>Logs the given message with the given level.</doc>
<arguments>
<arg>Password: ${password}</arg>
</arguments>
<msg timestamp="20200113 21:59:15.905" level="INFO">Password: zxcvbnm,</msg>
<status status="PASS" starttime="20200113 21:59:15.905" endtime="20200113 21:59:15.906"></status>
</kw>
<kw name="Log" library="BuiltIn">
<doc>Logs the given message with the given level.</doc>
<arguments>
<arg>Mercado: ${mercado}</arg>
</arguments>
<msg timestamp="20200113 21:59:15.907" level="INFO">Mercado: Residencial Pospago</msg>
<status status="PASS" starttime="20200113 21:59:15.907" endtime="20200113 21:59:15.908"></status>
</kw>
<kw name="Log" library="BuiltIn">
<doc>Logs the given message with the given level.</doc>
<arguments>
<arg>Resultado esperado: ${resultado_esperado}</arg>
</arguments>
<msg timestamp="20200113 21:59:15.909" level="INFO">Resultado esperado: Cliente No Love. Acceso Dashboard OK.Sin CPs</msg>
<status status="PASS" starttime="20200113 21:59:15.908" endtime="20200113 21:59:15.909"></status>
</kw>
<kw name="Login">
<arguments>
<arg>${usuario}</arg>
<arg>${password}</arg>
<arg>${Hoja_excel}</arg>
<arg>${mercado}</arg>
</arguments>
<kw name="Run Keyword If" library="BuiltIn">
<doc>Runs the given keyword with the given arguments, if ``condition`` is true.</doc>
<arguments>
<arg>'${usuario}'!='None'</arg>
<arg>Input Text</arg>
<arg>name=msisdn</arg>
<arg>${usuario}</arg>
</arguments>
<kw name="Input Text" library="SeleniumLibrary">
<doc>Types the given ``text`` into the text field identified by ``locator``.</doc>
<arguments>
<arg>name=msisdn</arg>
<arg>${usuario}</arg>
</arguments>
<msg timestamp="20200113 21:59:15.913" level="INFO">Typing text '655758100' into text field 'name=msisdn'.</msg>
<status status="PASS" starttime="20200113 21:59:15.913" endtime="20200113 21:59:17.757"></status>
</kw>
<status status="PASS" starttime="20200113 21:59:15.911" endtime="20200113 21:59:17.758"></status>
</kw>
<kw name="Run Keyword If" library="BuiltIn">
<doc>Runs the given keyword with the given arguments, if ``condition`` is true.</doc>
<arguments>
<arg>'${password}'!='None'</arg>
<arg>input text</arg>
<arg>id=tealeaf_user_password</arg>
<arg>${password}</arg>
</arguments>
<kw name="Input Text" library="SeleniumLibrary">
<doc>Types the given ``text`` into the text field identified by ``locator``.</doc>
<arguments>
<arg>id=tealeaf_user_password</arg>
<arg>${password}</arg>
</arguments>
<msg timestamp="20200113 21:59:17.763" level="INFO">Typing text 'zxcvbnm,' into text field 'id=tealeaf_user_password'.</msg>
<status status="PASS" starttime="20200113 21:59:17.761" endtime="20200113 21:59:17.960"></status>
</kw>
<status status="PASS" starttime="20200113 21:59:17.760" endtime="20200113 21:59:17.961"></status>
</kw>
<kw name="Run Keyword If" library="BuiltIn">
<doc>Runs the given keyword with the given arguments, if ``condition`` is true.</doc>
<arguments>
<arg>'${Hoja_excel}'=='LoginCLU_Tests_KO'</arg>
<arg>Run Keyword If</arg>
<arg>'${Toggle_Capturas_Evidencias}'=='true'</arg>
<arg>Pantallazo_LoginCLU_KO</arg>
<arg>ELSE</arg>
<arg>Pantallazo_LoginCLU_OK</arg>
</arguments>
<kw name="Pantallazo_LoginCLU_OK">
<kw name="Capture Page Screenshot" library="SeleniumLibrary">
<doc>Takes a screenshot of the current page and embeds it into a log file.</doc>
<arguments>
<arg>LoginCLU_OK-{index}.png</arg>
</arguments>
<msg timestamp="20200113 21:59:18.230" level="INFO" html="yes">&lt;/td&gt;&lt;/tr&gt;&lt;tr&gt;&lt;td colspan="3"&gt;&lt;a href="test/results/Milinea/CPs/2020-01-13/LoginCLU_OK-2.png"&gt;&lt;img src="test/results/Milinea/CPs/2020-01-13/LoginCLU_OK-2.png" width="800px"&gt;&lt;/a&gt;</msg>
<status status="PASS" starttime="20200113 21:59:17.963" endtime="20200113 21:59:18.230"></status>
</kw>
<status status="PASS" starttime="20200113 21:59:17.963" endtime="20200113 21:59:18.231"></status>
</kw>
<status status="PASS" starttime="20200113 21:59:17.962" endtime="20200113 21:59:18.231"></status>
</kw>
<kw name="Press Keys" library="SeleniumLibrary">
<doc>Simulates the user pressing key(s) to an element or on the active browser.</doc>
<arguments>
<arg>id=tealeaf_user_password</arg>
<arg>ENTER</arg>
</arguments>
<msg timestamp="20200113 21:59:18.233" level="INFO">Sending key(s) ('ENTER',) to id=tealeaf_user_password element.</msg>
<msg timestamp="20200113 21:59:18.249" level="INFO">Pressing special key ENTER to element.</msg>
<status status="PASS" starttime="20200113 21:59:18.232" endtime="20200113 21:59:18.825"></status>
</kw>
<kw name="Sleep" library="BuiltIn">
<doc>Pauses the test executed for the given time.</doc>
<arguments>
<arg>1</arg>
</arguments>
<msg timestamp="20200113 21:59:19.827" level="INFO">Slept 1 second</msg>
<status status="PASS" starttime="20200113 21:59:18.826" endtime="20200113 21:59:19.828"></status>
</kw>
<kw name="Run Keyword If" library="BuiltIn">
<doc>Runs the given keyword with the given arguments, if ``condition`` is true.</doc>
<arguments>
<arg>'${Hoja_excel}'=='LoginCLU_Tests_KO'</arg>
<arg>Run Keyword If</arg>
<arg>'${Toggle_Capturas_Evidencias}'=='true'</arg>
<arg>Pantallazo_LoginCLU_KO</arg>
<arg>ELSE</arg>
<arg>sleep</arg>
<arg>10</arg>
</arguments>
<kw name="Sleep" library="BuiltIn">
<doc>Pauses the test executed for the given time.</doc>
<arguments>
<arg>10</arg>
</arguments>
<msg timestamp="20200113 21:59:29.832" level="INFO">Slept 10 seconds</msg>
<status status="PASS" starttime="20200113 21:59:19.830" endtime="20200113 21:59:29.832"></status>
</kw>
<status status="PASS" starttime="20200113 21:59:19.828" endtime="20200113 21:59:29.833"></status>
</kw>
<kw name="Run Keyword If" library="BuiltIn">
<doc>Runs the given keyword with the given arguments, if ``condition`` is true.</doc>
<arguments>
<arg>'${Hoja_excel}'!='LoginCLU_Tests_KO'</arg>
<arg>Run Keyword If</arg>
<arg>'${mercado}'=='Residencial Pospago'</arg>
<arg>Click Button</arg>
<arg>//*[contains(text(),'Ahora no')]</arg>
</arguments>
<kw name="Run Keyword If" library="BuiltIn">
<doc>Runs the given keyword with the given arguments, if ``condition`` is true.</doc>
<arguments>
<arg>'${mercado}'=='Residencial Pospago'</arg>
<arg>Click Button</arg>
<arg>//*[contains(text(),'Ahora no')]</arg>
</arguments>
<kw name="Click Button" library="SeleniumLibrary">
<doc>Clicks the button identified by ``locator``.</doc>
<arguments>
<arg>//*[contains(text(),'Ahora no')]</arg>
</arguments>
<msg timestamp="20200113 21:59:29.837" level="INFO">Clicking button '//*[contains(text(),'Ahora no')]'.</msg>
<status status="PASS" starttime="20200113 21:59:29.836" endtime="20200113 21:59:29.982"></status>
</kw>
<status status="PASS" starttime="20200113 21:59:29.835" endtime="20200113 21:59:29.982"></status>
</kw>
<status status="PASS" starttime="20200113 21:59:29.834" endtime="20200113 21:59:29.983"></status>
</kw>
<kw name="Run Keyword If" library="BuiltIn">
<doc>Runs the given keyword with the given arguments, if ``condition`` is true.</doc>
<arguments>
<arg>'${Hoja_excel}'!='LoginCLU_Tests_KO'</arg>
<arg>Sleep</arg>
<arg>1</arg>
</arguments>
<kw name="Sleep" library="BuiltIn">
<doc>Pauses the test executed for the given time.</doc>
<arguments>
<arg>1</arg>
</arguments>
<msg timestamp="20200113 21:59:30.984" level="INFO">Slept 1 second</msg>
<status status="PASS" starttime="20200113 21:59:29.984" endtime="20200113 21:59:30.985"></status>
</kw>
<status status="PASS" starttime="20200113 21:59:29.983" endtime="20200113 21:59:30.986"></status>
</kw>
<kw name="Run Keyword If" library="BuiltIn">
<doc>Runs the given keyword with the given arguments, if ``condition`` is true.</doc>
<arguments>
<arg>'${Hoja_excel}'!='LoginCLU_Tests_KO'</arg>
<arg>Run Keyword If</arg>
<arg>'${Toggle_Capturas_Evidencias}'=='true'</arg>
<arg>Pantallazo_LoginCLU_OK</arg>
</arguments>
<kw name="Run Keyword If" library="BuiltIn">
<doc>Runs the given keyword with the given arguments, if ``condition`` is true.</doc>
<arguments>
<arg>'${Toggle_Capturas_Evidencias}'=='true'</arg>
<arg>Pantallazo_LoginCLU_OK</arg>
</arguments>
<kw name="Pantallazo_LoginCLU_OK">
<kw name="Capture Page Screenshot" library="SeleniumLibrary">
<doc>Takes a screenshot of the current page and embeds it into a log file.</doc>
<arguments>
<arg>LoginCLU_OK-{index}.png</arg>
</arguments>
<msg timestamp="20200113 21:59:31.297" level="INFO" html="yes">&lt;/td&gt;&lt;/tr&gt;&lt;tr&gt;&lt;td colspan="3"&gt;&lt;a href="test/results/Milinea/CPs/2020-01-13/LoginCLU_OK-3.png"&gt;&lt;img src="test/results/Milinea/CPs/2020-01-13/LoginCLU_OK-3.png" width="800px"&gt;&lt;/a&gt;</msg>
<status status="PASS" starttime="20200113 21:59:30.992" endtime="20200113 21:59:31.298"></status>
</kw>
<status status="PASS" starttime="20200113 21:59:30.991" endtime="20200113 21:59:31.299"></status>
</kw>
<status status="PASS" starttime="20200113 21:59:30.989" endtime="20200113 21:59:31.299"></status>
</kw>
<status status="PASS" starttime="20200113 21:59:30.987" endtime="20200113 21:59:31.300"></status>
</kw>
<status status="PASS" starttime="20200113 21:59:15.910" endtime="20200113 21:59:31.300"></status>
</kw>
<kw name="Pagina_Milinea">
<kw name="Wait Until Element Is Enabled" library="SeleniumLibrary">
<doc>Waits until the element ``locator`` is enabled.</doc>
<arguments>
<arg>id=accesoLinea</arg>
</arguments>
<status status="PASS" starttime="20200113 21:59:31.301" endtime="20200113 21:59:31.343"></status>
</kw>
<kw name="Wait Until Element Is Visible" library="SeleniumLibrary">
<doc>Waits until the element ``locator`` is visible.</doc>
<arguments>
<arg>id=accesoLinea</arg>
</arguments>
<status status="PASS" starttime="20200113 21:59:31.344" endtime="20200113 21:59:31.378"></status>
</kw>
<kw name="Click Element" library="SeleniumLibrary">
<doc>Click the element identified by ``locator``.</doc>
<arguments>
<arg>id=accesoLinea</arg>
</arguments>
<msg timestamp="20200113 21:59:31.379" level="INFO">Clicking element 'id=accesoLinea'.</msg>
<status status="PASS" starttime="20200113 21:59:31.379" endtime="20200113 21:59:31.526"></status>
</kw>
<kw name="Sleep" library="BuiltIn">
<doc>Pauses the test executed for the given time.</doc>
<arguments>
<arg>10</arg>
</arguments>
<msg timestamp="20200113 21:59:41.529" level="INFO">Slept 10 seconds</msg>
<status status="PASS" starttime="20200113 21:59:31.528" endtime="20200113 21:59:41.531"></status>
</kw>
<kw name="Run Keyword If" library="BuiltIn">
<doc>Runs the given keyword with the given arguments, if ``condition`` is true.</doc>
<arguments>
<arg>'${Toggle_Capturas_Evidencias}'=='true'</arg>
<arg>Pantallazo_Pagina_MiLinea</arg>
</arguments>
<kw name="Pantallazo_Pagina_Milinea">
<kw name="Capture Page Screenshot" library="SeleniumLibrary">
<doc>Takes a screenshot of the current page and embeds it into a log file.</doc>
<arguments>
<arg>Milinea_OK-{index}.png</arg>
</arguments>
<msg timestamp="20200113 21:59:41.862" level="INFO" html="yes">&lt;/td&gt;&lt;/tr&gt;&lt;tr&gt;&lt;td colspan="3"&gt;&lt;a href="test/results/Milinea/CPs/2020-01-13/Milinea_OK-1.png"&gt;&lt;img src="test/results/Milinea/CPs/2020-01-13/Milinea_OK-1.png" width="800px"&gt;&lt;/a&gt;</msg>
<status status="PASS" starttime="20200113 21:59:41.537" endtime="20200113 21:59:41.863"></status>
</kw>
<status status="PASS" starttime="20200113 21:59:41.536" endtime="20200113 21:59:41.863"></status>
</kw>
<status status="PASS" starttime="20200113 21:59:41.532" endtime="20200113 21:59:41.864"></status>
</kw>
<kw name="Wait Until Page Contains Element" library="SeleniumLibrary">
<doc>Waits until the element ``locator`` appears on the current page.</doc>
<arguments>
<arg>//module-link[@link-module="cmsPagina.modules[22]"]</arg>
</arguments>
<status status="PASS" starttime="20200113 21:59:41.864" endtime="20200113 21:59:41.881"></status>
</kw>
<kw name="Wait Until Element Is Enabled" library="SeleniumLibrary">
<doc>Waits until the element ``locator`` is enabled.</doc>
<arguments>
<arg>//module-link[@link-module="cmsPagina.modules[22]"]</arg>
</arguments>
<status status="PASS" starttime="20200113 21:59:41.881" endtime="20200113 21:59:41.919"></status>
</kw>
<kw name="Scroll Element Into View" library="SeleniumLibrary">
<doc>Scrolls the element identified by ``locator`` into view.</doc>
<arguments>
<arg>//module-link[@link-module="cmsPagina.modules[22]"]</arg>
</arguments>
<status status="PASS" starttime="20200113 21:59:41.919" endtime="20200113 21:59:42.461"></status>
</kw>
<kw name="Run Keyword If" library="BuiltIn">
<doc>Runs the given keyword with the given arguments, if ``condition`` is true.</doc>
<arguments>
<arg>'${Toggle_Capturas_Evidencias}'=='true'</arg>
<arg>Pantallazo_Pagina_MiLinea</arg>
</arguments>
<kw name="Pantallazo_Pagina_Milinea">
<kw name="Capture Page Screenshot" library="SeleniumLibrary">
<doc>Takes a screenshot of the current page and embeds it into a log file.</doc>
<arguments>
<arg>Milinea_OK-{index}.png</arg>
</arguments>
<msg timestamp="20200113 21:59:42.801" level="INFO" html="yes">&lt;/td&gt;&lt;/tr&gt;&lt;tr&gt;&lt;td colspan="3"&gt;&lt;a href="test/results/Milinea/CPs/2020-01-13/Milinea_OK-2.png"&gt;&lt;img src="test/results/Milinea/CPs/2020-01-13/Milinea_OK-2.png" width="800px"&gt;&lt;/a&gt;</msg>
<status status="PASS" starttime="20200113 21:59:42.470" endtime="20200113 21:59:42.802"></status>
</kw>
<status status="PASS" starttime="20200113 21:59:42.468" endtime="20200113 21:59:42.803"></status>
</kw>
<status status="PASS" starttime="20200113 21:59:42.464" endtime="20200113 21:59:42.803"></status>
</kw>
<kw name="Wait Until Page Contains Element" library="SeleniumLibrary">
<doc>Waits until the element ``locator`` appears on the current page.</doc>
<arguments>
<arg>//module-link[@link-module="cmsPagina.modules[33]"]</arg>
</arguments>
<status status="PASS" starttime="20200113 21:59:42.804" endtime="20200113 21:59:42.835"></status>
</kw>
<kw name="Wait Until Element Is Enabled" library="SeleniumLibrary">
<doc>Waits until the element ``locator`` is enabled.</doc>
<arguments>
<arg>//module-link[@link-module="cmsPagina.modules[33]"]</arg>
</arguments>
<status status="PASS" starttime="20200113 21:59:42.836" endtime="20200113 21:59:42.871"></status>
</kw>
<kw name="Scroll Element Into View" library="SeleniumLibrary">
<doc>Scrolls the element identified by ``locator`` into view.</doc>
<arguments>
<arg>//module-link[@link-module="cmsPagina.modules[33]"]</arg>
</arguments>
<status status="PASS" starttime="20200113 21:59:42.872" endtime="20200113 21:59:43.412"></status>
</kw>
<kw name="Run Keyword If" library="BuiltIn">
<doc>Runs the given keyword with the given arguments, if ``condition`` is true.</doc>
<arguments>
<arg>'${Toggle_Capturas_Evidencias}'=='true'</arg>
<arg>Pantallazo_Pagina_MiLinea</arg>
</arguments>
<kw name="Pantallazo_Pagina_Milinea">
<kw name="Capture Page Screenshot" library="SeleniumLibrary">
<doc>Takes a screenshot of the current page and embeds it into a log file.</doc>
<arguments>
<arg>Milinea_OK-{index}.png</arg>
</arguments>
<msg timestamp="20200113 21:59:43.752" level="INFO" html="yes">&lt;/td&gt;&lt;/tr&gt;&lt;tr&gt;&lt;td colspan="3"&gt;&lt;a href="test/results/Milinea/CPs/2020-01-13/Milinea_OK-3.png"&gt;&lt;img src="test/results/Milinea/CPs/2020-01-13/Milinea_OK-3.png" width="800px"&gt;&lt;/a&gt;</msg>
<status status="PASS" starttime="20200113 21:59:43.422" endtime="20200113 21:59:43.753"></status>
</kw>
<status status="PASS" starttime="20200113 21:59:43.419" endtime="20200113 21:59:43.754"></status>
</kw>
<status status="PASS" starttime="20200113 21:59:43.415" endtime="20200113 21:59:43.754"></status>
</kw>
<status status="PASS" starttime="20200113 21:59:31.301" endtime="20200113 21:59:43.755"></status>
</kw>
<kw name="Pagina_CPs">
<kw name="Wait Until Page Contains Element" library="SeleniumLibrary">
<doc>Waits until the element ``locator`` appears on the current page.</doc>
<arguments>
<arg>//module-link[@link-module="cmsPagina.modules[22]"]</arg>
</arguments>
<status status="PASS" starttime="20200113 21:59:43.756" endtime="20200113 21:59:43.768"></status>
</kw>
<kw name="Wait Until Element Is Enabled" library="SeleniumLibrary">
<doc>Waits until the element ``locator`` is enabled.</doc>
<arguments>
<arg>//module-link[@link-module="cmsPagina.modules[22]"]</arg>
</arguments>
<status status="PASS" starttime="20200113 21:59:43.769" endtime="20200113 21:59:43.805"></status>
</kw>
<kw name="Scroll Element Into View" library="SeleniumLibrary">
<doc>Scrolls the element identified by ``locator`` into view.</doc>
<arguments>
<arg>//permanenceagreement[@permanence-agreement='cmsPagina.modules[24]']</arg>
</arguments>
<status status="PASS" starttime="20200113 21:59:43.806" endtime="20200113 21:59:44.362"></status>
</kw>
<kw name="Run Keyword If" library="BuiltIn">
<doc>Runs the given keyword with the given arguments, if ``condition`` is true.</doc>
<arguments>
<arg>'${Toggle_Capturas_Evidencias}'=='true'</arg>
<arg>Pantallazo_Pagina_Milinea</arg>
</arguments>
<kw name="Pantallazo_Pagina_Milinea">
<kw name="Capture Page Screenshot" library="SeleniumLibrary">
<doc>Takes a screenshot of the current page and embeds it into a log file.</doc>
<arguments>
<arg>Milinea_OK-{index}.png</arg>
</arguments>
<msg timestamp="20200113 21:59:44.680" level="INFO" html="yes">&lt;/td&gt;&lt;/tr&gt;&lt;tr&gt;&lt;td colspan="3"&gt;&lt;a href="test/results/Milinea/CPs/2020-01-13/Milinea_OK-4.png"&gt;&lt;img src="test/results/Milinea/CPs/2020-01-13/Milinea_OK-4.png" width="800px"&gt;&lt;/a&gt;</msg>
<status status="PASS" starttime="20200113 21:59:44.366" endtime="20200113 21:59:44.681"></status>
</kw>
<status status="PASS" starttime="20200113 21:59:44.365" endtime="20200113 21:59:44.681"></status>
</kw>
<status status="PASS" starttime="20200113 21:59:44.363" endtime="20200113 21:59:44.681"></status>
</kw>
<kw name="Get Text" library="SeleniumLibrary">
<doc>Returns the text value of the element identified by ``locator``.</doc>
<arguments>
<arg>//span[@class="text-grey_APP15 ng-binding"]</arg>
</arguments>
<assign>
<var>${cp}</var>
</assign>
<msg timestamp="20200113 21:59:44.717" level="INFO">${cp} = De tu cambio de tarifa</msg>
<status status="PASS" starttime="20200113 21:59:44.682" endtime="20200113 21:59:44.717"></status>
</kw>
<kw name="Run Keyword If" library="BuiltIn">
<doc>Runs the given keyword with the given arguments, if ``condition`` is true.</doc>
<arguments>
<arg>'${cp}'!='Actualmente no tienes permanencia'</arg>
<arg>Click Element</arg>
<arg>//div[@class="padding-x_APP15 padding-top_APP15"]</arg>
</arguments>
<kw name="Click Element" library="SeleniumLibrary">
<doc>Click the element identified by ``locator``.</doc>
<arguments>
<arg>//div[@class="padding-x_APP15 padding-top_APP15"]</arg>
</arguments>
<msg timestamp="20200113 21:59:44.719" level="INFO">Clicking element '//div[@class="padding-x_APP15 padding-top_APP15"]'.</msg>
<status status="PASS" starttime="20200113 21:59:44.718" endtime="20200113 21:59:44.924"></status>
</kw>
<status status="PASS" starttime="20200113 21:59:44.718" endtime="20200113 21:59:44.924"></status>
</kw>
<kw name="Run Keyword If" library="BuiltIn">
<doc>Runs the given keyword with the given arguments, if ``condition`` is true.</doc>
<arguments>
<arg>'${cp}'!='Actualmente no tienes permanencia'</arg>
<arg>Wait Until Page Contains Element</arg>
<arg>//*[contains(text(),'Fecha inicio')]</arg>
</arguments>
<kw name="Wait Until Page Contains Element" library="SeleniumLibrary">
<doc>Waits until the element ``locator`` appears on the current page.</doc>
<arguments>
<arg>//*[contains(text(),'Fecha inicio')]</arg>
</arguments>
<status status="PASS" starttime="20200113 21:59:44.926" endtime="20200113 21:59:49.683"></status>
</kw>
<status status="PASS" starttime="20200113 21:59:44.925" endtime="20200113 21:59:49.683"></status>
</kw>
<kw name="Run Keyword If" library="BuiltIn">
<doc>Runs the given keyword with the given arguments, if ``condition`` is true.</doc>
<arguments>
<arg>'${cp}'!='Actualmente no tienes permanencia'</arg>
<arg>sleep</arg>
<arg>1</arg>
</arguments>
<kw name="Sleep" library="BuiltIn">
<doc>Pauses the test executed for the given time.</doc>
<arguments>
<arg>1</arg>
</arguments>
<msg timestamp="20200113 21:59:50.686" level="INFO">Slept 1 second</msg>
<status status="PASS" starttime="20200113 21:59:49.686" endtime="20200113 21:59:50.688"></status>
</kw>
<status status="PASS" starttime="20200113 21:59:49.684" endtime="20200113 21:59:50.690"></status>
</kw>
<kw name="Run Keyword If" library="BuiltIn">
<doc>Runs the given keyword with the given arguments, if ``condition`` is true.</doc>
<arguments>
<arg>'${Toggle_Capturas_Evidencias}'=='true'</arg>
<arg>Run Keyword If</arg>
<arg>'${cp}'!='Actualmente no tienes permanencia'</arg>
<arg>Pantallazo_Pagina_CPs</arg>
</arguments>
<kw name="Run Keyword If" library="BuiltIn">
<doc>Runs the given keyword with the given arguments, if ``condition`` is true.</doc>
<arguments>
<arg>'${cp}'!='Actualmente no tienes permanencia'</arg>
<arg>Pantallazo_Pagina_CPs</arg>
</arguments>
<kw name="Pantallazo_Pagina_CPs">
<kw name="Capture Page Screenshot" library="SeleniumLibrary">
<doc>Takes a screenshot of the current page and embeds it into a log file.</doc>
<arguments>
<arg>CPs_OK-{index}.png</arg>
</arguments>
<msg timestamp="20200113 21:59:51.011" level="INFO" html="yes">&lt;/td&gt;&lt;/tr&gt;&lt;tr&gt;&lt;td colspan="3"&gt;&lt;a href="test/results/Milinea/CPs/2020-01-13/CPs_OK-1.png"&gt;&lt;img src="test/results/Milinea/CPs/2020-01-13/CPs_OK-1.png" width="800px"&gt;&lt;/a&gt;</msg>
<status status="PASS" starttime="20200113 21:59:50.701" endtime="20200113 21:59:51.012"></status>
</kw>
<status status="PASS" starttime="20200113 21:59:50.698" endtime="20200113 21:59:51.013"></status>
</kw>
<status status="PASS" starttime="20200113 21:59:50.695" endtime="20200113 21:59:51.013"></status>
</kw>
<status status="PASS" starttime="20200113 21:59:50.692" endtime="20200113 21:59:51.013"></status>
</kw>
<status status="PASS" starttime="20200113 21:59:43.755" endtime="20200113 21:59:51.014"></status>
</kw>
<kw name="Close Browser" library="SeleniumLibrary">
<doc>Closes the current browser.</doc>
<status status="PASS" starttime="20200113 21:59:51.014" endtime="20200113 21:59:52.199"></status>
</kw>
<status status="PASS" starttime="20200113 21:59:11.182" endtime="20200113 21:59:52.201"></status>
</kw>
<kw name="${usuario} = 635656921, ${password} = 44332211, ${mercado} = Residencial Pospago, ${resultado_esperado} = Cliente No Love. Acceso Dashboard OK.Con CPs" type="foritem">
<kw name="Abrir miOrangeApp Movilizado">
<kw name="Open Browser" library="SeleniumLibrary">
<doc>Opens a new browser instance to the optional ``url``.</doc>
<arguments>
<arg>${LOGIN URL}</arg>
<arg>${BROWSER}</arg>
</arguments>
<msg timestamp="20200113 21:59:52.210" level="INFO">Opening browser 'chrome' to base url 'https://areaprivada.orange.es/movilizado/index.html'.</msg>
<status status="PASS" starttime="20200113 21:59:52.208" endtime="20200113 21:59:56.556"></status>
</kw>
<kw name="Set Window Size" library="SeleniumLibrary">
<doc>Sets current windows size to given ``width`` and ``height``.</doc>
<arguments>
<arg>400</arg>
<arg>800</arg>
</arguments>
<status status="PASS" starttime="20200113 21:59:56.557" endtime="20200113 21:59:56.696"></status>
</kw>
<kw name="Set Window Position" library="SeleniumLibrary">
<doc>Sets window position using ``x`` and ``y`` coordinates.</doc>
<arguments>
<arg>0</arg>
<arg>0</arg>
</arguments>
<status status="PASS" starttime="20200113 21:59:56.696" endtime="20200113 21:59:56.814"></status>
</kw>
<kw name="Set Browser Implicit Wait" library="SeleniumLibrary">
<doc>Sets the implicit wait value used by Selenium.</doc>
<arguments>
<arg>30</arg>
</arguments>
<status status="PASS" starttime="20200113 21:59:56.815" endtime="20200113 21:59:56.817"></status>
</kw>
<status status="PASS" starttime="20200113 21:59:52.206" endtime="20200113 21:59:56.818"></status>
</kw>
<kw name="Log" library="BuiltIn">
<doc>Logs the given message with the given level.</doc>
<arguments>
<arg>Ejecutando Test...</arg>
</arguments>
<msg timestamp="20200113 21:59:56.819" level="INFO">Ejecutando Test...</msg>
<status status="PASS" starttime="20200113 21:59:56.818" endtime="20200113 21:59:56.820"></status>
</kw>
<kw name="Log" library="BuiltIn">
<doc>Logs the given message with the given level.</doc>
<arguments>
<arg>Msisdn: ${usuario}</arg>
</arguments>
<msg timestamp="20200113 21:59:56.821" level="INFO">Msisdn: 635656921</msg>
<status status="PASS" starttime="20200113 21:59:56.820" endtime="20200113 21:59:56.821"></status>
</kw>
<kw name="Log" library="BuiltIn">
<doc>Logs the given message with the given level.</doc>
<arguments>
<arg>Password: ${password}</arg>
</arguments>
<msg timestamp="20200113 21:59:56.822" level="INFO">Password: 44332211</msg>
<status status="PASS" starttime="20200113 21:59:56.822" endtime="20200113 21:59:56.823"></status>
</kw>
<kw name="Log" library="BuiltIn">
<doc>Logs the given message with the given level.</doc>
<arguments>
<arg>Mercado: ${mercado}</arg>
</arguments>
<msg timestamp="20200113 21:59:56.824" level="INFO">Mercado: Residencial Pospago</msg>
<status status="PASS" starttime="20200113 21:59:56.823" endtime="20200113 21:59:56.825"></status>
</kw>
<kw name="Log" library="BuiltIn">
<doc>Logs the given message with the given level.</doc>
<arguments>
<arg>Resultado esperado: ${resultado_esperado}</arg>
</arguments>
<msg timestamp="20200113 21:59:56.825" level="INFO">Resultado esperado: Cliente No Love. Acceso Dashboard OK.Con CPs</msg>
<status status="PASS" starttime="20200113 21:59:56.825" endtime="20200113 21:59:56.826"></status>
</kw>
<kw name="Login">
<arguments>
<arg>${usuario}</arg>
<arg>${password}</arg>
<arg>${Hoja_excel}</arg>
<arg>${mercado}</arg>
</arguments>
<kw name="Run Keyword If" library="BuiltIn">
<doc>Runs the given keyword with the given arguments, if ``condition`` is true.</doc>
<arguments>
<arg>'${usuario}'!='None'</arg>
<arg>Input Text</arg>
<arg>name=msisdn</arg>
<arg>${usuario}</arg>
</arguments>
<kw name="Input Text" library="SeleniumLibrary">
<doc>Types the given ``text`` into the text field identified by ``locator``.</doc>
<arguments>
<arg>name=msisdn</arg>
<arg>${usuario}</arg>
</arguments>
<msg timestamp="20200113 21:59:56.829" level="INFO">Typing text '635656921' into text field 'name=msisdn'.</msg>
<status status="PASS" starttime="20200113 21:59:56.828" endtime="20200113 21:59:58.579"></status>
</kw>
<status status="PASS" starttime="20200113 21:59:56.827" endtime="20200113 21:59:58.580"></status>
</kw>
<kw name="Run Keyword If" library="BuiltIn">
<doc>Runs the given keyword with the given arguments, if ``condition`` is true.</doc>
<arguments>
<arg>'${password}'!='None'</arg>
<arg>input text</arg>
<arg>id=tealeaf_user_password</arg>
<arg>${password}</arg>
</arguments>
<kw name="Input Text" library="SeleniumLibrary">
<doc>Types the given ``text`` into the text field identified by ``locator``.</doc>
<arguments>
<arg>id=tealeaf_user_password</arg>
<arg>${password}</arg>
</arguments>
<msg timestamp="20200113 21:59:58.583" level="INFO">Typing text '44332211' into text field 'id=tealeaf_user_password'.</msg>
<status status="PASS" starttime="20200113 21:59:58.582" endtime="20200113 21:59:58.763"></status>
</kw>
<status status="PASS" starttime="20200113 21:59:58.580" endtime="20200113 21:59:58.763"></status>
</kw>
<kw name="Run Keyword If" library="BuiltIn">
<doc>Runs the given keyword with the given arguments, if ``condition`` is true.</doc>
<arguments>
<arg>'${Hoja_excel}'=='LoginCLU_Tests_KO'</arg>
<arg>Run Keyword If</arg>
<arg>'${Toggle_Capturas_Evidencias}'=='true'</arg>
<arg>Pantallazo_LoginCLU_KO</arg>
<arg>ELSE</arg>
<arg>Pantallazo_LoginCLU_OK</arg>
</arguments>
<kw name="Pantallazo_LoginCLU_OK">
<kw name="Capture Page Screenshot" library="SeleniumLibrary">
<doc>Takes a screenshot of the current page and embeds it into a log file.</doc>
<arguments>
<arg>LoginCLU_OK-{index}.png</arg>
</arguments>
<msg timestamp="20200113 21:59:59.020" level="INFO" html="yes">&lt;/td&gt;&lt;/tr&gt;&lt;tr&gt;&lt;td colspan="3"&gt;&lt;a href="test/results/Milinea/CPs/2020-01-13/LoginCLU_OK-4.png"&gt;&lt;img src="test/results/Milinea/CPs/2020-01-13/LoginCLU_OK-4.png" width="800px"&gt;&lt;/a&gt;</msg>
<status status="PASS" starttime="20200113 21:59:58.765" endtime="20200113 21:59:59.020"></status>
</kw>
<status status="PASS" starttime="20200113 21:59:58.764" endtime="20200113 21:59:59.021"></status>
</kw>
<status status="PASS" starttime="20200113 21:59:58.764" endtime="20200113 21:59:59.021"></status>
</kw>
<kw name="Press Keys" library="SeleniumLibrary">
<doc>Simulates the user pressing key(s) to an element or on the active browser.</doc>
<arguments>
<arg>id=tealeaf_user_password</arg>
<arg>ENTER</arg>
</arguments>
<msg timestamp="20200113 21:59:59.022" level="INFO">Sending key(s) ('ENTER',) to id=tealeaf_user_password element.</msg>
<msg timestamp="20200113 21:59:59.033" level="INFO">Pressing special key ENTER to element.</msg>
<status status="PASS" starttime="20200113 21:59:59.022" endtime="20200113 21:59:59.623"></status>
</kw>
<kw name="Sleep" library="BuiltIn">
<doc>Pauses the test executed for the given time.</doc>
<arguments>
<arg>1</arg>
</arguments>
<msg timestamp="20200113 22:00:00.625" level="INFO">Slept 1 second</msg>
<status status="PASS" starttime="20200113 21:59:59.624" endtime="20200113 22:00:00.626"></status>
</kw>
<kw name="Run Keyword If" library="BuiltIn">
<doc>Runs the given keyword with the given arguments, if ``condition`` is true.</doc>
<arguments>
<arg>'${Hoja_excel}'=='LoginCLU_Tests_KO'</arg>
<arg>Run Keyword If</arg>
<arg>'${Toggle_Capturas_Evidencias}'=='true'</arg>
<arg>Pantallazo_LoginCLU_KO</arg>
<arg>ELSE</arg>
<arg>sleep</arg>
<arg>10</arg>
</arguments>
<kw name="Sleep" library="BuiltIn">
<doc>Pauses the test executed for the given time.</doc>
<arguments>
<arg>10</arg>
</arguments>
<msg timestamp="20200113 22:00:10.630" level="INFO">Slept 10 seconds</msg>
<status status="PASS" starttime="20200113 22:00:00.628" endtime="20200113 22:00:10.631"></status>
</kw>
<status status="PASS" starttime="20200113 22:00:00.626" endtime="20200113 22:00:10.631"></status>
</kw>
<kw name="Run Keyword If" library="BuiltIn">
<doc>Runs the given keyword with the given arguments, if ``condition`` is true.</doc>
<arguments>
<arg>'${Hoja_excel}'!='LoginCLU_Tests_KO'</arg>
<arg>Run Keyword If</arg>
<arg>'${mercado}'=='Residencial Pospago'</arg>
<arg>Click Button</arg>
<arg>//*[contains(text(),'Ahora no')]</arg>
</arguments>
<kw name="Run Keyword If" library="BuiltIn">
<doc>Runs the given keyword with the given arguments, if ``condition`` is true.</doc>
<arguments>
<arg>'${mercado}'=='Residencial Pospago'</arg>
<arg>Click Button</arg>
<arg>//*[contains(text(),'Ahora no')]</arg>
</arguments>
<kw name="Click Button" library="SeleniumLibrary">
<doc>Clicks the button identified by ``locator``.</doc>
<arguments>
<arg>//*[contains(text(),'Ahora no')]</arg>
</arguments>
<msg timestamp="20200113 22:00:10.636" level="INFO">Clicking button '//*[contains(text(),'Ahora no')]'.</msg>
<status status="PASS" starttime="20200113 22:00:10.636" endtime="20200113 22:00:10.823"></status>
</kw>
<status status="PASS" starttime="20200113 22:00:10.634" endtime="20200113 22:00:10.824"></status>
</kw>
<status status="PASS" starttime="20200113 22:00:10.632" endtime="20200113 22:00:10.825"></status>
</kw>
<kw name="Run Keyword If" library="BuiltIn">
<doc>Runs the given keyword with the given arguments, if ``condition`` is true.</doc>
<arguments>
<arg>'${Hoja_excel}'!='LoginCLU_Tests_KO'</arg>
<arg>Sleep</arg>
<arg>1</arg>
</arguments>
<kw name="Sleep" library="BuiltIn">
<doc>Pauses the test executed for the given time.</doc>
<arguments>
<arg>1</arg>
</arguments>
<msg timestamp="20200113 22:00:11.828" level="INFO">Slept 1 second</msg>
<status status="PASS" starttime="20200113 22:00:10.827" endtime="20200113 22:00:11.829"></status>
</kw>
<status status="PASS" starttime="20200113 22:00:10.826" endtime="20200113 22:00:11.830"></status>
</kw>
<kw name="Run Keyword If" library="BuiltIn">
<doc>Runs the given keyword with the given arguments, if ``condition`` is true.</doc>
<arguments>
<arg>'${Hoja_excel}'!='LoginCLU_Tests_KO'</arg>
<arg>Run Keyword If</arg>
<arg>'${Toggle_Capturas_Evidencias}'=='true'</arg>
<arg>Pantallazo_LoginCLU_OK</arg>
</arguments>
<kw name="Run Keyword If" library="BuiltIn">
<doc>Runs the given keyword with the given arguments, if ``condition`` is true.</doc>
<arguments>
<arg>'${Toggle_Capturas_Evidencias}'=='true'</arg>
<arg>Pantallazo_LoginCLU_OK</arg>
</arguments>
<kw name="Pantallazo_LoginCLU_OK">
<kw name="Capture Page Screenshot" library="SeleniumLibrary">
<doc>Takes a screenshot of the current page and embeds it into a log file.</doc>
<arguments>
<arg>LoginCLU_OK-{index}.png</arg>
</arguments>
<msg timestamp="20200113 22:00:12.136" level="INFO" html="yes">&lt;/td&gt;&lt;/tr&gt;&lt;tr&gt;&lt;td colspan="3"&gt;&lt;a href="test/results/Milinea/CPs/2020-01-13/LoginCLU_OK-5.png"&gt;&lt;img src="test/results/Milinea/CPs/2020-01-13/LoginCLU_OK-5.png" width="800px"&gt;&lt;/a&gt;</msg>
<status status="PASS" starttime="20200113 22:00:11.836" endtime="20200113 22:00:12.137"></status>
</kw>
<status status="PASS" starttime="20200113 22:00:11.834" endtime="20200113 22:00:12.138"></status>
</kw>
<status status="PASS" starttime="20200113 22:00:11.833" endtime="20200113 22:00:12.139"></status>
</kw>
<status status="PASS" starttime="20200113 22:00:11.831" endtime="20200113 22:00:12.139"></status>
</kw>
<status status="PASS" starttime="20200113 21:59:56.826" endtime="20200113 22:00:12.140"></status>
</kw>
<kw name="Pagina_Milinea">
<kw name="Wait Until Element Is Enabled" library="SeleniumLibrary">
<doc>Waits until the element ``locator`` is enabled.</doc>
<arguments>
<arg>id=accesoLinea</arg>
</arguments>
<status status="PASS" starttime="20200113 22:00:12.141" endtime="20200113 22:00:12.190"></status>
</kw>
<kw name="Wait Until Element Is Visible" library="SeleniumLibrary">
<doc>Waits until the element ``locator`` is visible.</doc>
<arguments>
<arg>id=accesoLinea</arg>
</arguments>
<status status="PASS" starttime="20200113 22:00:12.191" endtime="20200113 22:00:12.230"></status>
</kw>
<kw name="Click Element" library="SeleniumLibrary">
<doc>Click the element identified by ``locator``.</doc>
<arguments>
<arg>id=accesoLinea</arg>
</arguments>
<msg timestamp="20200113 22:00:12.231" level="INFO">Clicking element 'id=accesoLinea'.</msg>
<status status="PASS" starttime="20200113 22:00:12.231" endtime="20200113 22:00:12.414"></status>
</kw>
<kw name="Sleep" library="BuiltIn">
<doc>Pauses the test executed for the given time.</doc>
<arguments>
<arg>10</arg>
</arguments>
<msg timestamp="20200113 22:00:22.416" level="INFO">Slept 10 seconds</msg>
<status status="PASS" starttime="20200113 22:00:12.415" endtime="20200113 22:00:22.418"></status>
</kw>
<kw name="Run Keyword If" library="BuiltIn">
<doc>Runs the given keyword with the given arguments, if ``condition`` is true.</doc>
<arguments>
<arg>'${Toggle_Capturas_Evidencias}'=='true'</arg>
<arg>Pantallazo_Pagina_MiLinea</arg>
</arguments>
<kw name="Pantallazo_Pagina_Milinea">
<kw name="Capture Page Screenshot" library="SeleniumLibrary">
<doc>Takes a screenshot of the current page and embeds it into a log file.</doc>
<arguments>
<arg>Milinea_OK-{index}.png</arg>
</arguments>
<msg timestamp="20200113 22:00:22.723" level="INFO" html="yes">&lt;/td&gt;&lt;/tr&gt;&lt;tr&gt;&lt;td colspan="3"&gt;&lt;a href="test/results/Milinea/CPs/2020-01-13/Milinea_OK-5.png"&gt;&lt;img src="test/results/Milinea/CPs/2020-01-13/Milinea_OK-5.png" width="800px"&gt;&lt;/a&gt;</msg>
<status status="PASS" starttime="20200113 22:00:22.425" endtime="20200113 22:00:22.723"></status>
</kw>
<status status="PASS" starttime="20200113 22:00:22.424" endtime="20200113 22:00:22.724"></status>
</kw>
<status status="PASS" starttime="20200113 22:00:22.420" endtime="20200113 22:00:22.724"></status>
</kw>
<kw name="Wait Until Page Contains Element" library="SeleniumLibrary">
<doc>Waits until the element ``locator`` appears on the current page.</doc>
<arguments>
<arg>//module-link[@link-module="cmsPagina.modules[22]"]</arg>
</arguments>
<status status="PASS" starttime="20200113 22:00:22.725" endtime="20200113 22:00:22.741"></status>
</kw>
<kw name="Wait Until Element Is Enabled" library="SeleniumLibrary">
<doc>Waits until the element ``locator`` is enabled.</doc>
<arguments>
<arg>//module-link[@link-module="cmsPagina.modules[22]"]</arg>
</arguments>
<status status="PASS" starttime="20200113 22:00:22.742" endtime="20200113 22:00:22.779"></status>
</kw>
<kw name="Scroll Element Into View" library="SeleniumLibrary">
<doc>Scrolls the element identified by ``locator`` into view.</doc>
<arguments>
<arg>//module-link[@link-module="cmsPagina.modules[22]"]</arg>
</arguments>
<status status="PASS" starttime="20200113 22:00:22.780" endtime="20200113 22:00:23.331"></status>
</kw>
<kw name="Run Keyword If" library="BuiltIn">
<doc>Runs the given keyword with the given arguments, if ``condition`` is true.</doc>
<arguments>
<arg>'${Toggle_Capturas_Evidencias}'=='true'</arg>
<arg>Pantallazo_Pagina_MiLinea</arg>
</arguments>
<kw name="Pantallazo_Pagina_Milinea">
<kw name="Capture Page Screenshot" library="SeleniumLibrary">
<doc>Takes a screenshot of the current page and embeds it into a log file.</doc>
<arguments>
<arg>Milinea_OK-{index}.png</arg>
</arguments>
<msg timestamp="20200113 22:00:23.634" level="INFO" html="yes">&lt;/td&gt;&lt;/tr&gt;&lt;tr&gt;&lt;td colspan="3"&gt;&lt;a href="test/results/Milinea/CPs/2020-01-13/Milinea_OK-6.png"&gt;&lt;img src="test/results/Milinea/CPs/2020-01-13/Milinea_OK-6.png" width="800px"&gt;&lt;/a&gt;</msg>
<status status="PASS" starttime="20200113 22:00:23.333" endtime="20200113 22:00:23.635"></status>
</kw>
<status status="PASS" starttime="20200113 22:00:23.333" endtime="20200113 22:00:23.636"></status>
</kw>
<status status="PASS" starttime="20200113 22:00:23.332" endtime="20200113 22:00:23.636"></status>
</kw>
<kw name="Wait Until Page Contains Element" library="SeleniumLibrary">
<doc>Waits until the element ``locator`` appears on the current page.</doc>
<arguments>
<arg>//module-link[@link-module="cmsPagina.modules[33]"]</arg>
</arguments>
<status status="PASS" starttime="20200113 22:00:23.636" endtime="20200113 22:00:23.654"></status>
</kw>
<kw name="Wait Until Element Is Enabled" library="SeleniumLibrary">
<doc>Waits until the element ``locator`` is enabled.</doc>
<arguments>
<arg>//module-link[@link-module="cmsPagina.modules[33]"]</arg>
</arguments>
<status status="PASS" starttime="20200113 22:00:23.655" endtime="20200113 22:00:23.691"></status>
</kw>
<kw name="Scroll Element Into View" library="SeleniumLibrary">
<doc>Scrolls the element identified by ``locator`` into view.</doc>
<arguments>
<arg>//module-link[@link-module="cmsPagina.modules[33]"]</arg>
</arguments>
<status status="PASS" starttime="20200113 22:00:23.691" endtime="20200113 22:00:24.227"></status>
</kw>
<kw name="Run Keyword If" library="BuiltIn">
<doc>Runs the given keyword with the given arguments, if ``condition`` is true.</doc>
<arguments>
<arg>'${Toggle_Capturas_Evidencias}'=='true'</arg>
<arg>Pantallazo_Pagina_MiLinea</arg>
</arguments>
<kw name="Pantallazo_Pagina_Milinea">
<kw name="Capture Page Screenshot" library="SeleniumLibrary">
<doc>Takes a screenshot of the current page and embeds it into a log file.</doc>
<arguments>
<arg>Milinea_OK-{index}.png</arg>
</arguments>
<msg timestamp="20200113 22:00:24.540" level="INFO" html="yes">&lt;/td&gt;&lt;/tr&gt;&lt;tr&gt;&lt;td colspan="3"&gt;&lt;a href="test/results/Milinea/CPs/2020-01-13/Milinea_OK-7.png"&gt;&lt;img src="test/results/Milinea/CPs/2020-01-13/Milinea_OK-7.png" width="800px"&gt;&lt;/a&gt;</msg>
<status status="PASS" starttime="20200113 22:00:24.231" endtime="20200113 22:00:24.540"></status>
</kw>
<status status="PASS" starttime="20200113 22:00:24.230" endtime="20200113 22:00:24.541"></status>
</kw>
<status status="PASS" starttime="20200113 22:00:24.228" endtime="20200113 22:00:24.541"></status>
</kw>
<status status="PASS" starttime="20200113 22:00:12.140" endtime="20200113 22:00:24.542"></status>
</kw>
<kw name="Pagina_CPs">
<kw name="Wait Until Page Contains Element" library="SeleniumLibrary">
<doc>Waits until the element ``locator`` appears on the current page.</doc>
<arguments>
<arg>//module-link[@link-module="cmsPagina.modules[22]"]</arg>
</arguments>
<status status="PASS" starttime="20200113 22:00:24.543" endtime="20200113 22:00:24.558"></status>
</kw>
<kw name="Wait Until Element Is Enabled" library="SeleniumLibrary">
<doc>Waits until the element ``locator`` is enabled.</doc>
<arguments>
<arg>//module-link[@link-module="cmsPagina.modules[22]"]</arg>
</arguments>
<status status="PASS" starttime="20200113 22:00:24.559" endtime="20200113 22:00:24.593"></status>
</kw>
<kw name="Scroll Element Into View" library="SeleniumLibrary">
<doc>Scrolls the element identified by ``locator`` into view.</doc>
<arguments>
<arg>//permanenceagreement[@permanence-agreement='cmsPagina.modules[24]']</arg>
</arguments>
<status status="PASS" starttime="20200113 22:00:24.593" endtime="20200113 22:00:25.142"></status>
</kw>
<kw name="Run Keyword If" library="BuiltIn">
<doc>Runs the given keyword with the given arguments, if ``condition`` is true.</doc>
<arguments>
<arg>'${Toggle_Capturas_Evidencias}'=='true'</arg>
<arg>Pantallazo_Pagina_Milinea</arg>
</arguments>
<kw name="Pantallazo_Pagina_Milinea">
<kw name="Capture Page Screenshot" library="SeleniumLibrary">
<doc>Takes a screenshot of the current page and embeds it into a log file.</doc>
<arguments>
<arg>Milinea_OK-{index}.png</arg>
</arguments>
<msg timestamp="20200113 22:00:25.438" level="INFO" html="yes">&lt;/td&gt;&lt;/tr&gt;&lt;tr&gt;&lt;td colspan="3"&gt;&lt;a href="test/results/Milinea/CPs/2020-01-13/Milinea_OK-8.png"&gt;&lt;img src="test/results/Milinea/CPs/2020-01-13/Milinea_OK-8.png" width="800px"&gt;&lt;/a&gt;</msg>
<status status="PASS" starttime="20200113 22:00:25.146" endtime="20200113 22:00:25.439"></status>
</kw>
<status status="PASS" starttime="20200113 22:00:25.145" endtime="20200113 22:00:25.439"></status>
</kw>
<status status="PASS" starttime="20200113 22:00:25.144" endtime="20200113 22:00:25.439"></status>
</kw>
<kw name="Get Text" library="SeleniumLibrary">
<doc>Returns the text value of the element identified by ``locator``.</doc>
<arguments>
<arg>//span[@class="text-grey_APP15 ng-binding"]</arg>
</arguments>
<assign>
<var>${cp}</var>
</assign>
<msg timestamp="20200113 22:00:25.477" level="INFO">${cp} = Actualmente no tienes permanencia</msg>
<status status="PASS" starttime="20200113 22:00:25.440" endtime="20200113 22:00:25.478"></status>
</kw>
<kw name="Run Keyword If" library="BuiltIn">
<doc>Runs the given keyword with the given arguments, if ``condition`` is true.</doc>
<arguments>
<arg>'${cp}'!='Actualmente no tienes permanencia'</arg>
<arg>Click Element</arg>
<arg>//div[@class="padding-x_APP15 padding-top_APP15"]</arg>
</arguments>
<status status="PASS" starttime="20200113 22:00:25.478" endtime="20200113 22:00:25.479"></status>
</kw>
<kw name="Run Keyword If" library="BuiltIn">
<doc>Runs the given keyword with the given arguments, if ``condition`` is true.</doc>
<arguments>
<arg>'${cp}'!='Actualmente no tienes permanencia'</arg>
<arg>Wait Until Page Contains Element</arg>
<arg>//*[contains(text(),'Fecha inicio')]</arg>
</arguments>
<status status="PASS" starttime="20200113 22:00:25.479" endtime="20200113 22:00:25.480"></status>
</kw>
<kw name="Run Keyword If" library="BuiltIn">
<doc>Runs the given keyword with the given arguments, if ``condition`` is true.</doc>
<arguments>
<arg>'${cp}'!='Actualmente no tienes permanencia'</arg>
<arg>sleep</arg>
<arg>1</arg>
</arguments>
<status status="PASS" starttime="20200113 22:00:25.480" endtime="20200113 22:00:25.481"></status>
</kw>
<kw name="Run Keyword If" library="BuiltIn">
<doc>Runs the given keyword with the given arguments, if ``condition`` is true.</doc>
<arguments>
<arg>'${Toggle_Capturas_Evidencias}'=='true'</arg>
<arg>Run Keyword If</arg>
<arg>'${cp}'!='Actualmente no tienes permanencia'</arg>
<arg>Pantallazo_Pagina_CPs</arg>
</arguments>
<kw name="Run Keyword If" library="BuiltIn">
<doc>Runs the given keyword with the given arguments, if ``condition`` is true.</doc>
<arguments>
<arg>'${cp}'!='Actualmente no tienes permanencia'</arg>
<arg>Pantallazo_Pagina_CPs</arg>
</arguments>
<status status="PASS" starttime="20200113 22:00:25.482" endtime="20200113 22:00:25.483"></status>
</kw>
<status status="PASS" starttime="20200113 22:00:25.481" endtime="20200113 22:00:25.483"></status>
</kw>
<status status="PASS" starttime="20200113 22:00:24.542" endtime="20200113 22:00:25.484"></status>
</kw>
<kw name="Close Browser" library="SeleniumLibrary">
<doc>Closes the current browser.</doc>
<status status="PASS" starttime="20200113 22:00:25.484" endtime="20200113 22:00:26.638"></status>
</kw>
<status status="PASS" starttime="20200113 21:59:52.202" endtime="20200113 22:00:26.640"></status>
</kw>
<status status="PASS" starttime="20200113 21:59:11.181" endtime="20200113 22:00:26.641"></status>
</kw>
<kw name="Run Keyword If Test Failed" library="BuiltIn" type="teardown">
<doc>Runs the given keyword with the given arguments, if the test failed.</doc>
<arguments>
<arg>Close Browser</arg>
</arguments>
<status status="PASS" starttime="20200113 22:00:26.643" endtime="20200113 22:00:26.647"></status>
</kw>
<tags>
<tag>Consultas</tag>
</tags>
<status status="PASS" starttime="20200113 21:59:11.140" endtime="20200113 22:00:26.649" critical="yes"></status>
</test>
<kw name="Close All Browsers" library="SeleniumLibrary" type="teardown">
<doc>Closes all open browsers and resets the browser cache.</doc>
<status status="PASS" starttime="20200113 22:00:26.652" endtime="20200113 22:00:26.655"></status>
</kw>
<doc>Ejemplo sencillo de automatizacion de pruebas con robotframework y la libreria de selenium</doc>
<status status="PASS" starttime="20200113 21:59:09.960" endtime="20200113 22:00:26.656"></status>
</suite>
<status status="PASS" starttime="20200113 21:59:09.957" endtime="20200113 22:00:26.665"></status>
</suite>
<status status="PASS" starttime="20200113 21:59:09.931" endtime="20200113 22:00:26.671"></status>
</suite>
<statistics>
<total>
<stat pass="1" fail="0">Critical Tests</stat>
<stat pass="1" fail="0">All Tests</stat>
</total>
<tag>
<stat pass="1" fail="0">Consultas</stat>
</tag>
<suite>
<stat pass="1" fail="0" id="s1" name="miOrangeApp">miOrangeApp</stat>
<stat pass="1" fail="0" id="s1-s1" name="Test">miOrangeApp.Test</stat>
<stat pass="1" fail="0" id="s1-s1-s1" name="miOrangeApp">miOrangeApp.Test.miOrangeApp</stat>
</suite>
</statistics>
<errors>
</errors>
</robot>
